#
# There is insufficient memory for the Java Runtime Environment to continue.
# Native memory allocation (mmap) failed to map 65536 bytes for Failed to commit metaspace.
# Possible reasons:
#   The system is out of physical RAM or swap space
#   The process is running with CompressedOops enabled, and the Java Heap may be blocking the growth of the native heap
# Possible solutions:
#   Reduce memory load on the system
#   Increase physical memory or swap space
#   Check if swap backing store is full
#   Decrease Java heap size (-Xmx/-Xms)
#   Decrease number of Java threads
#   Decrease Java thread stack sizes (-Xss)
#   Set larger code cache with -XX:ReservedCodeCacheSize=
#   JVM is running with Unscaled Compressed Oops mode in which the Java heap is
#     placed in the first 4GB address space. The Java Heap base address is the
#     maximum limit for the native heap growth. Please use -XX:HeapBaseMinAddress
#     to set the Java Heap base and to place the Java Heap above 4GB virtual address.
# This output file may be truncated or incomplete.
#
#  Out of Memory Error (virtualSpaceNode.cpp:112), pid=16900, tid=16204
#
# JRE version: Java(TM) SE Runtime Environment (21.0.1+12) (build 21.0.1+12-LTS-29)
# Java VM: Java HotSpot(TM) 64-Bit Server VM (21.0.1+12-LTS-29, mixed mode, emulated-client, sharing, tiered, compressed oops, compressed class ptrs, g1 gc, windows-amd64)
# No core dump will be written. Minidumps are not enabled by default on client versions of Windows
#

---------------  S U M M A R Y ------------

Command Line: -XX:TieredStopAtLevel=1 -Dspring.output.ansi.enabled=always -Dcom.sun.management.jmxremote -Dspring.jmx.enabled=true -Dspring.liveBeansView.mbeanDomain -Dspring.application.admin.enabled=true -Dmanagement.endpoints.jmx.exposure.include=* -javaagent:C:\Program Files\JetBrains\IntelliJ IDEA 2023.3.2\lib\idea_rt.jar=63213:C:\Program Files\JetBrains\IntelliJ IDEA 2023.3.2\bin -Dfile.encoding=UTF-8 -Dsun.stdout.encoding=UTF-8 -Dsun.stderr.encoding=UTF-8 BackEnd.BackEnd

Host: AMD Ryzen 3 3250U with Radeon Graphics         , 4 cores, 3G,  Windows 11 , 64 bit Build 22621 (10.0.22621.3374)
Time: Tue May  7 15:20:00 2024 Sri Lanka Standard Time elapsed time: 9.034452 seconds (0d 0h 0m 9s)

---------------  T H R E A D  ---------------

Current thread (0x0000016ebeada970):  JavaThread "main"             [_thread_in_vm, id=16204, stack(0x0000003f8d500000,0x0000003f8d600000) (1024K)]

Stack: [0x0000003f8d500000,0x0000003f8d600000]
Native frames: (J=compiled Java code, j=interpreted, Vv=VM code, C=native code)
V  [jvm.dll+0x6c9029]
V  [jvm.dll+0x854b81]
V  [jvm.dll+0x856e5e]
V  [jvm.dll+0x857543]
V  [jvm.dll+0x280c06]
V  [jvm.dll+0x8508ae]
V  [jvm.dll+0x66ca45]
V  [jvm.dll+0x1e677c]
V  [jvm.dll+0x1e654e]
V  [jvm.dll+0x66f35c]
V  [jvm.dll+0x66f172]
V  [jvm.dll+0x66d41e]
V  [jvm.dll+0x26b2df]
V  [jvm.dll+0x677615]
V  [jvm.dll+0x217a53]
V  [jvm.dll+0x217f95]
V  [jvm.dll+0x2189b1]
V  [jvm.dll+0x20dc4e]
V  [jvm.dll+0x5ac6dc]
V  [jvm.dll+0x7cd7a6]
V  [jvm.dll+0x46fd60]
V  [jvm.dll+0x4759e8]
C  [java.dll+0x17ec]

Java frames: (J=compiled Java code, j=interpreted, Vv=VM code)
J 1381  java.lang.ClassLoader.defineClass1(Ljava/lang/ClassLoader;Ljava/lang/String;[BIILjava/security/ProtectionDomain;Ljava/lang/String;)Ljava/lang/Class; java.base@21.0.1 (0 bytes) @ 0x0000016ec954ac91 [0x0000016ec954abc0+0x00000000000000d1]
J 1487 c1 java.lang.ClassLoader.defineClass(Ljava/lang/String;[BIILjava/security/ProtectionDomain;)Ljava/lang/Class; java.base@21.0.1 (43 bytes) @ 0x0000016ec9577efc [0x0000016ec9577de0+0x000000000000011c]
J 1394 c1 jdk.internal.loader.BuiltinClassLoader.defineClass(Ljava/lang/String;Ljdk/internal/loader/Resource;)Ljava/lang/Class; java.base@21.0.1 (121 bytes) @ 0x0000016ec9552324 [0x0000016ec9551dc0+0x0000000000000564]
J 1384 c1 jdk.internal.loader.BuiltinClassLoader.findClassOnClassPathOrNull(Ljava/lang/String;)Ljava/lang/Class; java.base@21.0.1 (64 bytes) @ 0x0000016ec954cbc4 [0x0000016ec954c8e0+0x00000000000002e4]
J 1156 c1 jdk.internal.loader.BuiltinClassLoader.loadClassOrNull(Ljava/lang/String;Z)Ljava/lang/Class; java.base@21.0.1 (143 bytes) @ 0x0000016ec94e2a8c [0x0000016ec94e2680+0x000000000000040c]
J 1298 c1 jdk.internal.loader.ClassLoaders$AppClassLoader.loadClass(Ljava/lang/String;Z)Ljava/lang/Class; java.base@21.0.1 (40 bytes) @ 0x0000016ec952358c [0x0000016ec9523540+0x000000000000004c]
J 1297 c1 java.lang.ClassLoader.loadClass(Ljava/lang/String;)Ljava/lang/Class; java.base@21.0.1 (7 bytes) @ 0x0000016ec9523214 [0x0000016ec95231c0+0x0000000000000054]
v  ~StubRoutines::call_stub 0x0000016ec910100d
j  org.apache.tomcat.util.modeler.Registry.disableRegistry()V+6
j  org.springframework.boot.web.embedded.tomcat.TomcatServletWebServerFactory.getWebServer([Lorg/springframework/boot/web/servlet/ServletContextInitializer;)Lorg/springframework/boot/web/server/WebServer;+7
j  org.springframework.boot.web.servlet.context.ServletWebServerApplicationContext.createWebServer()V+67
j  org.springframework.boot.web.servlet.context.ServletWebServerApplicationContext.onRefresh()V+5
j  org.springframework.context.support.AbstractApplicationContext.refresh()V+85
j  org.springframework.boot.web.servlet.context.ServletWebServerApplicationContext.refresh()V+1
j  org.springframework.boot.SpringApplication.refresh(Lorg/springframework/context/ConfigurableApplicationContext;)V+1
j  org.springframework.boot.SpringApplication.refreshContext(Lorg/springframework/context/ConfigurableApplicationContext;)V+16
j  org.springframework.boot.SpringApplication.run([Ljava/lang/String;)Lorg/springframework/context/ConfigurableApplicationContext;+110
j  org.springframework.boot.SpringApplication.run([Ljava/lang/Class;[Ljava/lang/String;)Lorg/springframework/context/ConfigurableApplicationContext;+9
j  org.springframework.boot.SpringApplication.run(Ljava/lang/Class;[Ljava/lang/String;)Lorg/springframework/context/ConfigurableApplicationContext;+9
j  BackEnd.BackEnd.main([Ljava/lang/String;)V+3
v  ~StubRoutines::call_stub 0x0000016ec910100d

Compiled method (n/a)    9093 1381     n 0       java.lang.ClassLoader::defineClass1 (native)
 total in heap  [0x0000016ec954aa10,0x0000016ec954b070] = 1632
 relocation     [0x0000016ec954ab70,0x0000016ec954aba8] = 56
 main code      [0x0000016ec954abc0,0x0000016ec954b06f] = 1199
 stub code      [0x0000016ec954b06f,0x0000016ec954b070] = 1

[Constant Pool (empty)]

[MachCode]
[Entry Point]
  # {method} {0x0000016ed043cb30} 'defineClass1' '(Ljava/lang/ClassLoader;Ljava/lang/String;[BIILjava/security/ProtectionDomain;Ljava/lang/String;)Ljava/lang/Class;' in 'java/lang/ClassLoader'
  # parm0:    rdx:rdx   = 'java/lang/ClassLoader'
  # parm1:    r8:r8     = 'java/lang/String'
  # parm2:    r9:r9     = '[B'
  # parm3:    rdi       = int
  # parm4:    rsi       = int
  # parm5:    rcx:rcx   = 'java/security/ProtectionDomain'
  # parm6:    [sp+0xa0]   = 'java/lang/String'  (sp of caller)
  0x0000016ec954abc0: 448b 5208 | 49bb 0000 | 00d0 6e01 | 0000 4d03 | d349 3bc2 | 0f84 0600 

  0x0000016ec954abd8: ;   {runtime_call ic_miss_stub}
  0x0000016ec954abd8: 0000 e9a1 | 3bc0 ff90 
[Verified Entry Point]
  0x0000016ec954abe0: 8984 2400 | 80ff ff55 | 488b ec48 | 81ec 9000 | 0000 6690 | 4181 7f20 | 0300 0000 

  0x0000016ec954abfc: ;   {runtime_call StubRoutines (final stubs)}
  0x0000016ec954abfc: 7405 e85d | a1be ff48 | 837d 1000 | 488d 4510 | 480f 4445 | 1048 8944 | 2440 4889 | 4c24 7048 
  0x0000016ec954ac1c: 83f9 0048 | 8d44 2470 | 480f 4444 | 2470 4889 | 4424 3848 | 8974 2430 | 4889 7c24 | 284c 894c 
  0x0000016ec954ac3c: 2458 4983 | f900 488d | 4424 5848 | 0f44 4424 | 5848 8944 | 2420 4c89 | 4424 5049 | 83f8 004c 
  0x0000016ec954ac5c: 8d4c 2450 | 4c0f 444c | 2450 4889 | 5424 4848 | 83fa 004c | 8d44 2448 | 4c0f 4444 

  0x0000016ec954ac78: ;   {oop(a 'java/lang/Class'{0x00000000c8fc1948} = 'java/lang/ClassLoader')}
  0x0000016ec954ac78: 2448 49be | 4819 fcc8 | 0000 0000 | 4c89 7424 | 784c 8d74 | 2478 498b | d6c5 f877 

  0x0000016ec954ac94: ;   {internal_word}
  0x0000016ec954ac94: 49ba 91ac | 54c9 6e01 | 0000 4d89 | 97a0 0300 | 0049 89a7 | 9803 0000 

  0x0000016ec954acac: ;   {external_word}
  0x0000016ec954acac: 49ba c925 | 2c46 fd7f | 0000 4180 | 3a00 0f84 | 4e00 0000 | 5241 5041 

  0x0000016ec954acc4: ;   {metadata({method} {0x0000016ed043cb30} 'defineClass1' '(Ljava/lang/ClassLoader;Ljava/lang/String;[BIILjava/security/ProtectionDomain;Ljava/lang/String;)Ljava/lang/Class;' in 'java/lang/ClassLoader')}
  0x0000016ec954acc4: 5148 ba28 | cb43 d06e | 0100 0049 | 8bcf 4883 | ec20 40f6 | c40f 0f84 | 1900 0000 | 4883 ec08 
  0x0000016ec954ace4: ;   {runtime_call}
  0x0000016ec954ace4: 48b8 30eb | dc45 fd7f | 0000 ffd0 | 4883 c408 | e90c 0000 

  0x0000016ec954acf8: ;   {runtime_call}
  0x0000016ec954acf8: 0048 b830 | ebdc 45fd | 7f00 00ff | d048 83c4 | 2041 5941 | 585a 498d | 8fb8 0300 | 0041 c787 
  0x0000016ec954ad18: 4c04 0000 | 0400 0000 

  0x0000016ec954ad20: ;   {runtime_call}
  0x0000016ec954ad20: 48b8 ac16 | d291 fd7f | 0000 ffd0 | c5f8 7741 | c787 4c04 | 0000 0500 | 0000 f083 | 4424 c000 
  0x0000016ec954ad40: 493b af50 | 0400 000f | 870e 0000 | 0041 83bf | 4804 0000 | 000f 842b | 0000 00c5 | f877 4889 
  0x0000016ec954ad60: 45f8 498b | cf4c 8be4 | 4883 ec20 | 4883 e4f0 

  0x0000016ec954ad70: ;   {runtime_call}
  0x0000016ec954ad70: 48b8 c0be | a845 fd7f | 0000 ffd0 | 498b e44d | 33e4 488b | 45f8 41c7 | 874c 0400 | 0008 0000 
  0x0000016ec954ad90: 0041 83bf | c804 0000 | 020f 84a3 

  0x0000016ec954ad9c: ;   {external_word}
  0x0000016ec954ad9c: 0200 0049 | bac9 252c | 46fd 7f00 | 0041 803a | 000f 844c | 0000 0048 

  0x0000016ec954adb4: ;   {metadata({method} {0x0000016ed043cb30} 'defineClass1' '(Ljava/lang/ClassLoader;Ljava/lang/String;[BIILjava/security/ProtectionDomain;Ljava/lang/String;)Ljava/lang/Class;' in 'java/lang/ClassLoader')}
  0x0000016ec954adb4: 8945 f848 | ba28 cb43 | d06e 0100 | 0049 8bcf | 4883 ec20 | 40f6 c40f | 0f84 1900 | 0000 4883 
  0x0000016ec954add4: ;   {runtime_call}
  0x0000016ec954add4: ec08 48b8 | 30eb dc45 | fd7f 0000 | ffd0 4883 | c408 e90c 

  0x0000016ec954ade8: ;   {runtime_call}
  0x0000016ec954ade8: 0000 0048 | b830 ebdc | 45fd 7f00 | 00ff d048 | 83c4 2048 | 8b45 f849 | c787 9803 | 0000 0000 
  0x0000016ec954ae08: 0000 49c7 | 87a0 0300 | 0000 0000 | 00c5 f877 | 4885 c00f | 84fe 0100 | 00a8 030f | 8508 0000 
  0x0000016ec954ae28: 0048 8b00 | e9ee 0100 | 00a8 010f | 8509 0000 | 0048 8b40 | fee9 dd01 | 0000 488b | 40ff 4180 
  0x0000016ec954ae48: 7f40 000f | 84ce 0100 | 0048 83f8 | 000f 84c4 | 0100 0049 | 8b4f 2848 | 83f9 000f | 8414 0000 
  0x0000016ec954ae68: 0048 83e9 | 0849 894f | 2849 034f | 3848 8901 | e9a2 0100 | 0048 81ec | d000 0000 | 4889 0424 
  0x0000016ec954ae88: 4889 4c24 | 0848 8954 | 2410 4889 | 7424 1848 | 897c 2420 | 4c89 4424 | 284c 894c | 2430 4c89 
  0x0000016ec954aea8: 5424 384c | 895c 2440 | c5fb 1144 | 2450 c5fb | 114c 2458 | c5fb 1154 | 2460 c5fb | 115c 2468 
  0x0000016ec954aec8: c5fb 1164 | 2470 c5fb | 116c 2478 | c5fb 11b4 | 2480 0000 | 00c5 fb11 | bc24 8800 | 0000 c57b 
  0x0000016ec954aee8: ;   {no_reloc}
  0x0000016ec954aee8: 1184 2490 | 0000 00c5 | 7b11 8c24 | 9800 0000 | c57b 1194 | 24a0 0000 | 00c5 7b11 | 9c24 a800 
  0x0000016ec954af08: 0000 c57b | 11a4 24b0 | 0000 00c5 | 7b11 ac24 | b800 0000 | c57b 11b4 | 24c0 0000 | 00c5 7b11 
  0x0000016ec954af28: bc24 c800 | 0000 498b | d748 8bc8 | 4883 ec20 | 40f6 c40f | 0f84 1900 | 0000 4883 

  0x0000016ec954af44: ;   {runtime_call}
  0x0000016ec954af44: ec08 48b8 | b022 9c45 | fd7f 0000 | ffd0 4883 | c408 e90c 

  0x0000016ec954af58: ;   {runtime_call}
  0x0000016ec954af58: 0000 0048 | b8b0 229c | 45fd 7f00 | 00ff d048 | 83c4 20c5 | 7b10 bc24 | c800 0000 | c57b 10b4 
  0x0000016ec954af78: 24c0 0000 | 00c5 7b10 | ac24 b800 | 0000 c57b | 10a4 24b0 | 0000 00c5 | 7b10 9c24 | a800 0000 
  0x0000016ec954af98: c57b 1094 | 24a0 0000 | 00c5 7b10 | 8c24 9800 | 0000 c57b | 1084 2490 | 0000 00c5 | fb10 bc24 
  0x0000016ec954afb8: 8800 0000 | c5fb 10b4 | 2480 0000 | 00c5 fb10 | 6c24 78c5 | fb10 6424 | 70c5 fb10 | 5c24 68c5 
  0x0000016ec954afd8: fb10 5424 | 60c5 fb10 | 4c24 58c5 | fb10 4424 | 504c 8b5c | 2440 4c8b | 5424 384c | 8b4c 2430 
  0x0000016ec954aff8: 4c8b 4424 | 2848 8b7c | 2420 488b | 7424 1848 | 8b54 2410 | 488b 4c24 | 0848 8b04 | 2448 81c4 
  0x0000016ec954b018: d000 0000 | c5f8 7749 | 8b8f 2804 | 0000 c781 | 0001 0000 | 0000 0000 | c949 837f | 0800 0f85 
  0x0000016ec954b038: 0100 0000 

  0x0000016ec954b03c: ;   {runtime_call StubRoutines (initial stubs)}
  0x0000016ec954b03c: c3e9 be5e | bbff c5f8 | 7748 8945 | f84c 8be4 | 4883 ec20 | 4883 e4f0 

  0x0000016ec954b054: ;   {runtime_call}
  0x0000016ec954b054: 48b8 6023 | dd45 fd7f | 0000 ffd0 | 498b e44d | 33e4 488b | 45f8 e930 | fdff fff4 
[/MachCode]


Compiled method (c1)    9132 1487       1       java.lang.ClassLoader::defineClass (43 bytes)
 total in heap  [0x0000016ec9577c10,0x0000016ec95781d0] = 1472
 relocation     [0x0000016ec9577d70,0x0000016ec9577de0] = 112
 main code      [0x0000016ec9577de0,0x0000016ec9577fa0] = 448
 stub code      [0x0000016ec9577fa0,0x0000016ec9578018] = 120
 metadata       [0x0000016ec9578018,0x0000016ec9578048] = 48
 scopes data    [0x0000016ec9578048,0x0000016ec9578100] = 184
 scopes pcs     [0x0000016ec9578100,0x0000016ec95781a0] = 160
 dependencies   [0x0000016ec95781a0,0x0000016ec95781a8] = 8
 nul chk table  [0x0000016ec95781a8,0x0000016ec95781d0] = 40

[Constant Pool (empty)]

[MachCode]
[Entry Point]
  # {method} {0x0000016ed043ceb0} 'defineClass' '(Ljava/lang/String;[BIILjava/security/ProtectionDomain;)Ljava/lang/Class;' in 'java/lang/ClassLoader'
  # this:     rdx:rdx   = 'java/lang/ClassLoader'
  # parm0:    r8:r8     = 'java/lang/String'
  # parm1:    r9:r9     = '[B'
  # parm2:    rdi       = int
  # parm3:    rsi       = int
  # parm4:    rcx:rcx   = 'java/security/ProtectionDomain'
  #           [sp+0xc0]  (sp of caller)
  0x0000016ec9577de0: 448b 5208 | 49bb 0000 | 00d0 6e01 | 0000 4d03 | d34c 3bd0 

  0x0000016ec9577df4: ;   {runtime_call ic_miss_stub}
  0x0000016ec9577df4: 0f85 8669 | bdff 660f | 1f44 0000 
[Verified Entry Point]
  0x0000016ec9577e00: 8984 2400 | 80ff ff55 | 4881 ecb0 | 0000 0090 | 4181 7f20 | 0300 0000 

  0x0000016ec9577e18: ;   {runtime_call StubRoutines (final stubs)}
  0x0000016ec9577e18: 7405 e841 | cfbb ff48 | 8954 2478 | 89b4 2494 | 0000 0089 | bc24 9000 | 0000 4c89 | 8c24 8800 
  0x0000016ec9577e38: 0000 498b | d84c 8bc3 | 4c8b c948 | 8bca 488b | d148 899c | 2480 0000 | 0066 0f1f 

  0x0000016ec9577e54: ;   {optimized virtual_call}
  0x0000016ec9577e54: 4400 00e8 

  0x0000016ec9577e58: ; ImmutableOopMap {[120]=Oop [128]=Oop [136]=Oop }
                      ;*invokevirtual preDefineClass {reexecute=0 rethrow=0 return_oop=0}
                      ; - java.lang.ClassLoader::defineClass@4 (line 1025)
  0x0000016ec9577e58: e415 0000 

  0x0000016ec9577e5c: ;   {other}
  0x0000016ec9577e5c: 0f1f 8400 | 4c02 0000 | 4889 8424 | 9800 0000 

  0x0000016ec9577e6c: ; implicit exception: dispatches to 0x0000016ec9577f4a
  0x0000016ec9577e6c: 448b 4010 | 4983 f800 | 0f85 0f00 

  0x0000016ec9577e78: ;   {oop(nullptr)}
  0x0000016ec9577e78: 0000 48bb | 0000 0000 | 0000 0000 | e93e 0000 | 0045 8b40 | 0c49 83f8 | 000f 850f 

  0x0000016ec9577e94: ;   {oop(nullptr)}
  0x0000016ec9577e94: 0000 0048 | bb00 0000 | 0000 0000 | 00e9 2100 | 0000 418b | 5038 483b 

  0x0000016ec9577eac: ;   {optimized virtual_call}
  0x0000016ec9577eac: 0266 90e8 

  0x0000016ec9577eb0: ; ImmutableOopMap {[120]=Oop [128]=Oop [136]=Oop [152]=Oop }
                      ;*invokevirtual toExternalForm {reexecute=0 rethrow=0 return_oop=0}
                      ; - java.net.URL::toExternalForm@5 (line 1203)
                      ; - java.net.URL::toString@1 (line 1189)
                      ; - java.lang.ClassLoader::defineClassSourceLocation@22 (line 927)
                      ; - java.lang.ClassLoader::defineClass@12 (line 1026)
  0x0000016ec9577eb0: cc5c fbff 

  0x0000016ec9577eb4: ;   {other}
  0x0000016ec9577eb4: 0f1f 8400 | a402 0001 | 488b d848 | 8b84 2498 | 0000 008b | b424 9400 | 0000 8bbc | 2490 0000 
  0x0000016ec9577ed4: 004c 8b8c | 2488 0000 | 004c 8b84 | 2480 0000 | 0048 8b54 | 2478 4c8b | da49 8bd3 | 488b c848 
  0x0000016ec9577ef4: ;   {static_call}
  0x0000016ec9577ef4: 891c 24e8 

  0x0000016ec9577ef8: ; ImmutableOopMap {[120]=Oop [152]=Oop }
                      ;*invokestatic defineClass1 {reexecute=0 rethrow=0 return_oop=0}
                      ; - java.lang.ClassLoader::defineClass@27 (line 1027)
  0x0000016ec9577ef8: e42c fdff 

  0x0000016ec9577efc: ;   {other}
  0x0000016ec9577efc: 0f1f 8400 | ec02 0002 | 4c8b c04c | 8b8c 2498 | 0000 0048 | 8b54 2478 | 4889 8424 | a000 0000 
  0x0000016ec9577f1c: ;   {optimized virtual_call}
  0x0000016ec9577f1c: 6666 90e8 

  0x0000016ec9577f20: ; ImmutableOopMap {[160]=Oop }
                      ;*invokevirtual postDefineClass {reexecute=0 rethrow=0 return_oop=0}
                      ; - java.lang.ClassLoader::defineClass@37 (line 1028)
  0x0000016ec9577f20: 5c22 0000 

  0x0000016ec9577f24: ;   {other}
  0x0000016ec9577f24: 0f1f 8400 | 1403 0003 | 488b 8424 | a000 0000 | 4881 c4b0 | 0000 005d 

  0x0000016ec9577f3c: ;   {poll_return}
  0x0000016ec9577f3c: 493b a750 | 0400 000f | 8715 0000 

  0x0000016ec9577f48: ;   {runtime_call throw_null_pointer_exception Runtime1 stub}
  0x0000016ec9577f48: 00c3 e831 

  0x0000016ec9577f4c: ; ImmutableOopMap {rax=Oop [120]=Oop [128]=Oop [136]=Oop [152]=Oop }
                      ;*invokevirtual getCodeSource {reexecute=0 rethrow=0 return_oop=0}
                      ; - java.lang.ClassLoader::defineClassSourceLocation@1 (line 924)
                      ; - java.lang.ClassLoader::defineClass@12 (line 1026)
                      ;   {runtime_call throw_null_pointer_exception Runtime1 stub}
  0x0000016ec9577f4c: 7dc8 ffe8 

  0x0000016ec9577f50: ; ImmutableOopMap {rax=Oop [120]=Oop [128]=Oop [136]=Oop [152]=Oop }
                      ;*invokevirtual getLocation {reexecute=0 rethrow=0 return_oop=0}
                      ; - java.lang.ClassLoader::defineClassSourceLocation@12 (line 926)
                      ; - java.lang.ClassLoader::defineClass@12 (line 1026)
  0x0000016ec9577f50: 2c7d c8ff 

  0x0000016ec9577f54: ;   {runtime_call throw_null_pointer_exception Runtime1 stub}
  0x0000016ec9577f54: e827 7dc8 

  0x0000016ec9577f58: ; ImmutableOopMap {r8=Oop [120]=Oop [128]=Oop [136]=Oop [152]=Oop }
                      ;*invokevirtual toString {reexecute=0 rethrow=0 return_oop=0}
                      ; - java.lang.ClassLoader::defineClassSourceLocation@22 (line 927)
                      ; - java.lang.ClassLoader::defineClass@12 (line 1026)
                      ;   {runtime_call throw_null_pointer_exception Runtime1 stub}
  0x0000016ec9577f58: ffe8 227d 

  0x0000016ec9577f5c: ; ImmutableOopMap {r8=Oop rdx=Oop [120]=Oop [128]=Oop [136]=Oop [152]=Oop }
                      ;*invokevirtual toExternalForm {reexecute=0 rethrow=0 return_oop=0}
                      ; - java.net.URL::toExternalForm@5 (line 1203)
                      ; - java.net.URL::toString@1 (line 1189)
                      ; - java.lang.ClassLoader::defineClassSourceLocation@22 (line 927)
                      ; - java.lang.ClassLoader::defineClass@12 (line 1026)
                      ;   {internal_word}
  0x0000016ec9577f5c: c8ff 49ba | 3c7f 57c9 | 6e01 0000 | 4d89 9768 

  0x0000016ec9577f6c: ;   {runtime_call SafepointBlob}
  0x0000016ec9577f6c: 0400 00e9 | 8cd7 bdff | 498b 8700 | 0500 0049 | c787 0005 | 0000 0000 | 0000 49c7 | 8708 0500 
  0x0000016ec9577f8c: 0000 0000 | 0048 81c4 | b000 0000 

  0x0000016ec9577f98: ;   {runtime_call unwind_exception Runtime1 stub}
  0x0000016ec9577f98: 5de9 e26d | c8ff f4f4 
[Stub Code]
  0x0000016ec9577fa0: ;   {no_reloc}
  0x0000016ec9577fa0: 0f1f 4400 

  0x0000016ec9577fa4: ;   {static_stub}
  0x0000016ec9577fa4: 0048 bb00 | 0000 0000 

  0x0000016ec9577fac: ;   {runtime_call}
  0x0000016ec9577fac: 0000 00e9 | fbff ffff 

  0x0000016ec9577fb4: ;   {static_stub}
  0x0000016ec9577fb4: 48bb 0000 | 0000 0000 

  0x0000016ec9577fbc: ;   {runtime_call}
  0x0000016ec9577fbc: 0000 e9fb 

  0x0000016ec9577fc0: ;   {static_stub}
  0x0000016ec9577fc0: ffff ff48 | bb00 0000 | 0000 0000 

  0x0000016ec9577fcc: ;   {runtime_call}
  0x0000016ec9577fcc: 00e9 fbff 

  0x0000016ec9577fd0: ;   {static_stub}
  0x0000016ec9577fd0: ffff 48bb | d0ca 43d0 | 6e01 0000 

  0x0000016ec9577fdc: ;   {runtime_call I2C/C2I adapters}
  0x0000016ec9577fdc: e98a 2dbd 

  0x0000016ec9577fe0: ;   {runtime_call handle_exception_from_callee Runtime1 stub}
  0x0000016ec9577fe0: ffe8 9a9a 

  0x0000016ec9577fe4: ;   {external_word}
  0x0000016ec9577fe4: c8ff 48b9 | 0028 0446 | fd7f 0000 | 4883 e4f0 

  0x0000016ec9577ff4: ;   {runtime_call}
  0x0000016ec9577ff4: 48b8 e00f | cc45 fd7f | 0000 ffd0 

  0x0000016ec9578000: ;   {section_word}
  0x0000016ec9578000: f449 ba01 | 8057 c96e | 0100 0041 

  0x0000016ec957800c: ;   {runtime_call DeoptimizationBlob}
  0x0000016ec957800c: 52e9 8ec9 | bdff f4f4 | f4f4 f4f4 
[/MachCode]


Compiled method (c1)    9203 1394       1       jdk.internal.loader.BuiltinClassLoader::defineClass (121 bytes)
 total in heap  [0x0000016ec9551b10,0x0000016ec9552a30] = 3872
 relocation     [0x0000016ec9551c70,0x0000016ec9551db8] = 328
 main code      [0x0000016ec9551dc0,0x0000016ec9552490] = 1744
 stub code      [0x0000016ec9552490,0x0000016ec95525b0] = 288
 metadata       [0x0000016ec95525b0,0x0000016ec95525f8] = 72
 scopes data    [0x0000016ec95525f8,0x0000016ec9552850] = 600
 scopes pcs     [0x0000016ec9552850,0x0000016ec95529f0] = 416
 dependencies   [0x0000016ec95529f0,0x0000016ec95529f8] = 8
 handler table  [0x0000016ec95529f8,0x0000016ec9552a10] = 24
 nul chk table  [0x0000016ec9552a10,0x0000016ec9552a30] = 32

[Constant Pool (empty)]

[MachCode]
[Entry Point]
  # {method} {0x0000016ed006a028} 'defineClass' '(Ljava/lang/String;Ljdk/internal/loader/Resource;)Ljava/lang/Class;' in 'jdk/internal/loader/BuiltinClassLoader'
  # this:     rdx:rdx   = 'jdk/internal/loader/BuiltinClassLoader'
  # parm0:    r8:r8     = 'java/lang/String'
  # parm1:    r9:r9     = 'jdk/internal/loader/Resource'
  #           [sp+0x110]  (sp of caller)
  0x0000016ec9551dc0: 448b 5208 | 49bb 0000 | 00d0 6e01 | 0000 4d03 | d34c 3bd0 

  0x0000016ec9551dd4: ;   {runtime_call ic_miss_stub}
  0x0000016ec9551dd4: 0f85 a6c9 | bfff 660f | 1f44 0000 
[Verified Entry Point]
  0x0000016ec9551de0: 8984 2400 | 80ff ff55 | 4881 ec00 | 0100 0090 | 4181 7f20 | 0300 0000 

  0x0000016ec9551df8: ;   {runtime_call StubRoutines (final stubs)}
  0x0000016ec9551df8: 7405 e861 | 2fbe ff48 | 8994 24a0 | 0000 004c | 8984 2490 | 0000 004c | 898c 2498 | 0000 0049 
  0x0000016ec9551e18: 8bd1 6666 | 9048 b8ff | ffff ffff 

  0x0000016ec9551e24: ;   {virtual_call}
  0x0000016ec9551e24: ffff ffe8 

  0x0000016ec9551e28: ; ImmutableOopMap {[144]=Oop [152]=Oop [160]=Oop }
                      ;*invokevirtual getCodeSourceURL {reexecute=0 rethrow=0 return_oop=0}
                      ; - jdk.internal.loader.BuiltinClassLoader::defineClass@1 (line 842)
  0x0000016ec9551e28: 64cb cbff 

  0x0000016ec9551e2c: ;   {other}
  0x0000016ec9551e2c: 0f1f 8400 | 1c03 0000 | 4889 8424 | a800 0000 | 4c8b 8424 | 9000 0000 

  0x0000016ec9551e44: ; implicit exception: dispatches to 0x0000016ec9552392
  0x0000016ec9551e44: 418b 7014 

  0x0000016ec9551e48: ; implicit exception: dispatches to 0x0000016ec9552397
  0x0000016ec9551e48: 8b56 0c45 | 0fbe 4810 | 498b c9c1 | e118 c1f9 | 18d3 fa48 | 8bfa ffcf | 4183 f900 | ba00 0000 
  0x0000016ec9551e68: 000f 8505 | 0000 00ba | 0100 0000 | 83e2 0183 | fa00 488b | d641 b82e | 0000 004c | 8bcf 0f84 
  0x0000016ec9551e88: 1500 0000 

  0x0000016ec9551e8c: ;   {static_call}
  0x0000016ec9551e8c: 6666 90e8 

  0x0000016ec9551e90: ; ImmutableOopMap {[144]=Oop [152]=Oop [160]=Oop [168]=Oop }
                      ;*invokestatic lastIndexOf {reexecute=0 rethrow=0 return_oop=0}
                      ; - java.lang.String::lastIndexOf@13 (line 2569)
                      ; - java.lang.String::lastIndexOf@8 (line 2531)
                      ; - jdk.internal.loader.BuiltinClassLoader::defineClass@8 (line 845)
  0x0000016ec9551e90: acbd d9ff 

  0x0000016ec9551e94: ;   {other}
  0x0000016ec9551e94: 0f1f 8400 | 8403 0001 | e913 0000 | 0066 0f1f 

  0x0000016ec9551ea4: ;   {static_call}
  0x0000016ec9551ea4: 4400 00e8 

  0x0000016ec9551ea8: ; ImmutableOopMap {[144]=Oop [152]=Oop [160]=Oop [168]=Oop }
                      ;*invokestatic lastIndexOf {reexecute=0 rethrow=0 return_oop=0}
                      ; - java.lang.String::lastIndexOf@25 (line 2570)
                      ; - java.lang.String::lastIndexOf@8 (line 2531)
                      ; - jdk.internal.loader.BuiltinClassLoader::defineClass@8 (line 845)
  0x0000016ec9551ea8: d4d1 bfff 

  0x0000016ec9551eac: ;   {other}
  0x0000016ec9551eac: 0f1f 8400 | 9c03 0002 | 83f8 ff0f | 847f 0000 | 0041 b800 | 0000 004c | 8bc8 488b | 9424 9000 
  0x0000016ec9551ecc: ;   {optimized virtual_call}
  0x0000016ec9551ecc: 0000 90e8 

  0x0000016ec9551ed0: ; ImmutableOopMap {[144]=Oop [152]=Oop [160]=Oop [168]=Oop }
                      ;*invokevirtual substring {reexecute=0 rethrow=0 return_oop=0}
                      ; - jdk.internal.loader.BuiltinClassLoader::defineClass@23 (line 847)
  0x0000016ec9551ed0: 2c8c d8ff 

  0x0000016ec9551ed4: ;   {other}
  0x0000016ec9551ed4: 0f1f 8400 | c403 0003 | 488b 9424 | 9800 0000 | 4889 8424 | b000 0000 | 9048 b8ff | ffff ffff 
  0x0000016ec9551ef4: ;   {virtual_call}
  0x0000016ec9551ef4: ffff ffe8 

  0x0000016ec9551ef8: ; ImmutableOopMap {[144]=Oop [152]=Oop [160]=Oop [168]=Oop [176]=Oop }
                      ;*invokevirtual getManifest {reexecute=0 rethrow=0 return_oop=0}
                      ; - jdk.internal.loader.BuiltinClassLoader::defineClass@29 (line 848)
  0x0000016ec9551ef8: 0456 2400 

  0x0000016ec9551efc: ;   {other}
  0x0000016ec9551efc: 0f1f 8400 | ec03 0004 | 4c8b 8424 | b000 0000 | 4c8b c848 | 8bbc 24a8 | 0000 0048 | 8b94 24a0 
  0x0000016ec9551f1c: 0000 0066 | 0f1f 4400 | 0048 b868 | a606 d06e 

  0x0000016ec9551f2c: ;   {virtual_call}
  0x0000016ec9551f2c: 0100 00e8 

  0x0000016ec9551f30: ; ImmutableOopMap {[144]=Oop [152]=Oop [160]=Oop [168]=Oop }
                      ;*invokevirtual defineOrCheckPackage {reexecute=0 rethrow=0 return_oop=0}
                      ; - jdk.internal.loader.BuiltinClassLoader::defineClass@40 (line 849)
  0x0000016ec9551f30: 8ce3 ffff 

  0x0000016ec9551f34: ;   {other}
  0x0000016ec9551f34: 0f1f 8400 | 2404 0005 | 4c8b 8c24 | 9800 0000 | 488d 9424 | e000 0000 | 4c89 4a08 | 498b 0148 
  0x0000016ec9551f54: 83c8 0148 | 8902 f049 | 0fb1 110f | 8412 0000 | 0048 2bc4 | 4825 07f0 | ffff 4889 | 020f 8525 
  0x0000016ec9551f74: 0400 0049 | ff87 5005 | 0000 418b | 510c 4883 | fa00 0f85 | 5100 0000 | 498b d166 | 0f1f 4400 
  0x0000016ec9551f94: 0048 b8ff | ffff ffff 

  0x0000016ec9551f9c: ;   {virtual_call}
  0x0000016ec9551f9c: ffff ffe8 

  0x0000016ec9551fa0: ; ImmutableOopMap {[144]=Oop [152]=Oop [160]=Oop [168]=Oop [232]=Oop }
                      ;*invokevirtual getInputStream {reexecute=0 rethrow=0 return_oop=0}
                      ; - jdk.internal.loader.Resource::cachedInputStream@9 (line 77)
                      ; - jdk.internal.loader.Resource::getByteBuffer@1 (line 163)
                      ; - jdk.internal.loader.BuiltinClassLoader::defineClass@45 (line 853)
  0x0000016ec9551fa0: ccc4 cbff 

  0x0000016ec9551fa4: ;   {other}
  0x0000016ec9551fa4: 0f1f 8400 | 9404 0006 | 410f be57 | 4083 fa00 | 4c8b 8c24 | 9800 0000 | 0f85 ed03 | 0000 4c8b 
  0x0000016ec9551fc4: d045 8951 | 0c49 8bd1 | 4833 d048 | c1ea 1448 | 83fa 000f | 85ee 0300 | 0041 8b51 | 0c48 8d84 
  0x0000016ec9551fe4: 24e0 0000 | 0048 8b30 | 4885 f60f | 840f 0000 | 0048 8b78 | 08f0 480f | b137 0f85 | df03 0000 
  0x0000016ec9552004: 49ff 8f50 | 0500 0048 | 83fa 000f | 8444 0000 

  0x0000016ec9552014: ;   {metadata('sun/nio/ByteBuffered')}
  0x0000016ec9552014: 0048 b8a0 | e236 d06e | 0100 008b | 5a08 49ba | 0000 00d0 | 6e01 0000 | 4903 da48 | 3b43 200f 
  0x0000016ec9552034: 8425 0000 | 0048 3bd8 | 0f84 1c00 | 0000 5350 

  0x0000016ec9552044: ;   {runtime_call slow_subtype_check Runtime1 stub}
  0x0000016ec9552044: e837 06cb | ff5b 5b83 | fb00 0f84 | 0500 0000 | e905 0000 | 0048 33f6 | eb0a 48be | 0100 0000 
  0x0000016ec9552064: 0000 0000 | 83fe 000f | 8470 0000 | 0048 83fa | 000f 8444 

  0x0000016ec9552078: ;   {metadata('sun/nio/ByteBuffered')}
  0x0000016ec9552078: 0000 0048 | bba0 e236 | d06e 0100 | 008b 7a08 | 49ba 0000 | 00d0 6e01 | 0000 4903 | fa48 3b5f 
  0x0000016ec9552098: 200f 8420 | 0000 0048 | 3bfb 0f84 | 1700 0000 

  0x0000016ec95520a8: ;   {runtime_call slow_subtype_check Runtime1 stub}
  0x0000016ec95520a8: 5753 e8d1 | 05cb ff5f | 5f83 ff00 | 0f84 3f03 | 0000 e900 | 0000 0066 | 0f1f 4400 | 0048 b8ff 
  0x0000016ec95520c8: ffff ffff 

  0x0000016ec95520cc: ;   {virtual_call}
  0x0000016ec95520cc: ffff ffe8 

  0x0000016ec95520d0: ; ImmutableOopMap {[144]=Oop [152]=Oop [160]=Oop [168]=Oop }
                      ;*invokeinterface getByteBuffer {reexecute=0 rethrow=0 return_oop=0}
                      ; - jdk.internal.loader.Resource::getByteBuffer@16 (line 165)
                      ; - jdk.internal.loader.BuiltinClassLoader::defineClass@45 (line 853)
  0x0000016ec95520d0: accc bfff 

  0x0000016ec95520d4: ;   {other}
  0x0000016ec95520d4: 0f1f 8400 | c405 0007 | e90a 0000 

  0x0000016ec95520e0: ;   {oop(nullptr)}
  0x0000016ec95520e0: 0048 b800 | 0000 0000 | 0000 0048 | 83f8 000f | 8405 0100 | 0048 8984 | 24b8 0000 | 0048 8b94 
  0x0000016ec9552100: 2498 0000 | 0048 b8ff | ffff ffff 

  0x0000016ec955210c: ;   {virtual_call}
  0x0000016ec955210c: ffff ffe8 

  0x0000016ec9552110: ; ImmutableOopMap {[144]=Oop [160]=Oop [168]=Oop [184]=Oop }
                      ;*invokevirtual getCodeSigners {reexecute=0 rethrow=0 return_oop=0}
                      ; - jdk.internal.loader.BuiltinClassLoader::defineClass@56 (line 855)
  0x0000016ec9552110: 6ccc bfff 

  0x0000016ec9552114: ;   {other}
  0x0000016ec9552114: 0f1f 8400 | 0406 0008 

  0x0000016ec955211c: ;   {metadata('java/security/CodeSource')}
  0x0000016ec955211c: 4c8b c848 | ba70 5d00 | d06e 0100 | 0049 8b87 | b801 0000 | 488d 7828 | 493b bfc8 | 0100 000f 
  0x0000016ec955213c: 87c1 0200 | 0049 89bf | b801 0000 | 48c7 0001 | 0000 0048 | 8bca 49ba | 0000 00d0 | 6e01 0000 
  0x0000016ec955215c: 492b ca89 | 4808 4833 | c989 480c | 4833 c948 | 8948 1048 | 8948 1848 | 8948 204c | 8b84 24a8 
  0x0000016ec955217c: 0000 0048 | 8bd0 4889 | 8424 c000 | 0000 0f1f 

  0x0000016ec955218c: ;   {optimized virtual_call}
  0x0000016ec955218c: 4400 00e8 

  0x0000016ec9552190: ; ImmutableOopMap {[144]=Oop [160]=Oop [184]=Oop [192]=Oop }
                      ;*invokespecial <init> {reexecute=0 rethrow=0 return_oop=0}
                      ; - jdk.internal.loader.BuiltinClassLoader::defineClass@68 (line 856)
  0x0000016ec9552190: ecc8 bfff 

  0x0000016ec9552194: ;   {other}
  0x0000016ec9552194: 0f1f 8400 | 8406 0009 | 4c8b 8424 | c000 0000 | 488b 9424 | a000 0000 

  0x0000016ec95521ac: ;   {optimized virtual_call}
  0x0000016ec95521ac: 6666 90e8 

  0x0000016ec95521b0: ; ImmutableOopMap {[144]=Oop [160]=Oop [184]=Oop }
                      ;*invokevirtual getProtectionDomain {reexecute=0 rethrow=0 return_oop=0}
                      ; - java.security.SecureClassLoader::defineClass@5 (line 182)
                      ; - jdk.internal.loader.BuiltinClassLoader::defineClass@79 (line 857)
  0x0000016ec95521b0: ccc8 bfff 

  0x0000016ec95521b4: ;   {other}
  0x0000016ec95521b4: 0f1f 8400 | a406 000a | 4c8b 8424 | 9000 0000 | 4c8b 8c24 | b800 0000 | 488b f848 | 8b94 24a0 
  0x0000016ec95521d4: ;   {optimized virtual_call}
  0x0000016ec95521d4: 0000 00e8 

  0x0000016ec95521d8: ; ImmutableOopMap {}
                      ;*invokevirtual defineClass {reexecute=0 rethrow=0 return_oop=0}
                      ; - java.security.SecureClassLoader::defineClass@8 (line 182)
                      ; - jdk.internal.loader.BuiltinClassLoader::defineClass@79 (line 857)
  0x0000016ec95521d8: a4c8 bfff 

  0x0000016ec95521dc: ;   {other}
  0x0000016ec95521dc: 0f1f 8400 | cc06 000b | 4881 c400 | 0100 005d 

  0x0000016ec95521ec: ;   {poll_return}
  0x0000016ec95521ec: 493b a750 | 0400 000f | 8716 0200 | 00c3 4c8b | 8c24 9800 | 0000 498b | d148 b8ff | ffff ffff 
  0x0000016ec955220c: ;   {virtual_call}
  0x0000016ec955220c: ffff ffe8 

  0x0000016ec9552210: ; ImmutableOopMap {[144]=Oop [152]=Oop [160]=Oop [168]=Oop }
                      ;*invokevirtual getBytes {reexecute=0 rethrow=0 return_oop=0}
                      ; - jdk.internal.loader.BuiltinClassLoader::defineClass@84 (line 859)
  0x0000016ec9552210: bcc2 cbff 

  0x0000016ec9552214: ;   {other}
  0x0000016ec9552214: 0f1f 8400 | 0407 000c | 4889 8424 | c800 0000 | 488b 9424 | 9800 0000 | 9048 b8ff | ffff ffff 
  0x0000016ec9552234: ;   {virtual_call}
  0x0000016ec9552234: ffff ffe8 

  0x0000016ec9552238: ; ImmutableOopMap {[144]=Oop [160]=Oop [168]=Oop [200]=Oop }
                      ;*invokevirtual getCodeSigners {reexecute=0 rethrow=0 return_oop=0}
                      ; - jdk.internal.loader.BuiltinClassLoader::defineClass@90 (line 860)
  0x0000016ec9552238: c4c2 cbff 

  0x0000016ec955223c: ;   {other}
  0x0000016ec955223c: 0f1f 8400 | 2c07 000d 

  0x0000016ec9552244: ;   {metadata('java/security/CodeSource')}
  0x0000016ec9552244: 4c8b c848 | ba70 5d00 | d06e 0100 | 0049 8b87 | b801 0000 | 488d 7828 | 493b bfc8 | 0100 000f 
  0x0000016ec9552264: 87bc 0100 | 0049 89bf | b801 0000 | 48c7 0001 | 0000 0048 | 8bca 49ba | 0000 00d0 | 6e01 0000 
  0x0000016ec9552284: 492b ca89 | 4808 4833 | c989 480c | 4833 c948 | 8948 1048 | 8948 1848 | 8948 204c | 8b84 24a8 
  0x0000016ec95522a4: 0000 0048 | 8bd0 4889 | 8424 d000 | 0000 0f1f 

  0x0000016ec95522b4: ;   {optimized virtual_call}
  0x0000016ec95522b4: 4400 00e8 

  0x0000016ec95522b8: ; ImmutableOopMap {[144]=Oop [160]=Oop [200]=Oop [208]=Oop }
                      ;*invokespecial <init> {reexecute=0 rethrow=0 return_oop=0}
                      ; - jdk.internal.loader.BuiltinClassLoader::defineClass@102 (line 861)
  0x0000016ec95522b8: 4420 0000 

  0x0000016ec95522bc: ;   {other}
  0x0000016ec95522bc: 0f1f 8400 | ac07 000e | 488b 8424 | c800 0000 

  0x0000016ec95522cc: ; implicit exception: dispatches to 0x0000016ec9552432
  0x0000016ec95522cc: 8b70 0c4c | 8b84 24d0 | 0000 0048 | 8b94 24a0 | 0000 0089 | b424 d800 

  0x0000016ec95522e4: ;   {optimized virtual_call}
  0x0000016ec95522e4: 0000 90e8 

  0x0000016ec95522e8: ; ImmutableOopMap {[144]=Oop [160]=Oop [200]=Oop }
                      ;*invokevirtual getProtectionDomain {reexecute=0 rethrow=0 return_oop=0}
                      ; - java.security.SecureClassLoader::defineClass@9 (line 150)
                      ; - jdk.internal.loader.BuiltinClassLoader::defineClass@117 (line 862)
  0x0000016ec95522e8: 9451 0200 

  0x0000016ec95522ec: ;   {other}
  0x0000016ec95522ec: 0f1f 8400 | dc07 000f | 4c8b 8424 | 9000 0000 | 4c8b 8c24 | c800 0000 | bf00 0000 | 008b b424 
  0x0000016ec955230c: d800 0000 | 488b c848 | 8b94 24a0 | 0000 000f 

  0x0000016ec955231c: ;   {optimized virtual_call}
  0x0000016ec955231c: 1f40 00e8 

  0x0000016ec9552320: ; ImmutableOopMap {}
                      ;*invokevirtual defineClass {reexecute=0 rethrow=0 return_oop=0}
                      ; - java.security.SecureClassLoader::defineClass@12 (line 150)
                      ; - jdk.internal.loader.BuiltinClassLoader::defineClass@117 (line 862)
  0x0000016ec9552320: dc5a 0200 

  0x0000016ec9552324: ;   {other}
  0x0000016ec9552324: 0f1f 8400 | 1408 0010 | 4881 c400 | 0100 005d 

  0x0000016ec9552334: ;   {poll_return}
  0x0000016ec9552334: 493b a750 | 0400 000f | 87f6 0000 | 00c3 498b | 8700 0500 | 004d 33d2 | 4d89 9700 | 0500 004d 
  0x0000016ec9552354: 33d2 4d89 | 9708 0500 | 0048 8bf0 | 488d 8424 | e000 0000 | 488b 3848 | 85ff 0f84 | 0f00 0000 
  0x0000016ec9552374: 488b 5808 | f048 0fb1 | 3b0f 85ca | 0000 0049 | ff8f 5005 | 0000 488b | c6e9 ee00 

  0x0000016ec9552390: ;   {runtime_call throw_null_pointer_exception Runtime1 stub}
  0x0000016ec9552390: 0000 e8e9 

  0x0000016ec9552394: ; ImmutableOopMap {rax=Oop r8=Oop [144]=Oop [152]=Oop [160]=Oop [168]=Oop }
                      ;*invokevirtual lastIndexOf {reexecute=0 rethrow=0 return_oop=0}
                      ; - jdk.internal.loader.BuiltinClassLoader::defineClass@8 (line 845)
                      ;   {runtime_call throw_null_pointer_exception Runtime1 stub}
  0x0000016ec9552394: d8ca ffe8 

  0x0000016ec9552398: ; ImmutableOopMap {rax=Oop r8=Oop rsi=Oop [144]=Oop [152]=Oop [160]=Oop [168]=Oop }
                      ;*arraylength {reexecute=0 rethrow=0 return_oop=0}
                      ; - java.lang.String::length@4 (line 1519)
                      ; - java.lang.String::lastIndexOf@3 (line 2531)
                      ; - jdk.internal.loader.BuiltinClassLoader::defineClass@8 (line 845)
  0x0000016ec9552398: e4d8 caff | 4c89 4c24 | 0848 8914 

  0x0000016ec95523a4: ;   {runtime_call monitorenter_nofpu Runtime1 stub}
  0x0000016ec95523a4: 24e8 d608 

  0x0000016ec95523a8: ; ImmutableOopMap {r9=Oop [144]=Oop [152]=Oop [160]=Oop [168]=Oop [232]=Oop }
                      ;*synchronization entry
                      ; - jdk.internal.loader.Resource::cachedInputStream@-1 (line 76)
                      ; - jdk.internal.loader.Resource::getByteBuffer@1 (line 163)
                      ; - jdk.internal.loader.BuiltinClassLoader::defineClass@45 (line 853)
  0x0000016ec95523a8: cbff e9cf | fbff ff41 | 8b51 0c48 | 83fa 000f | 8405 fcff | ff48 8914 

  0x0000016ec95523c0: ;   {runtime_call g1_pre_barrier_slow}
  0x0000016ec95523c0: 24e8 ba2f | cbff e9f7 | fbff ff48 | 83f8 000f | 8408 fcff | ff4c 890c 

  0x0000016ec95523d8: ;   {runtime_call g1_post_barrier_slow}
  0x0000016ec95523d8: 24e8 a232 | cbff e9fa | fbff ff48 | 8d84 24e0 | 0000 0048 

  0x0000016ec95523ec: ;   {runtime_call monitorexit_nofpu Runtime1 stub}
  0x0000016ec95523ec: 8904 24e8 | 8c0e cbff | e912 fcff | ff48 8914 

  0x0000016ec95523fc: ;   {runtime_call throw_class_cast_exception Runtime1 stub}
  0x0000016ec95523fc: 24e8 7efc 

  0x0000016ec9552400: ; ImmutableOopMap {[144]=Oop [152]=Oop [160]=Oop [168]=Oop }
                      ;*checkcast {reexecute=0 rethrow=0 return_oop=0}
                      ; - jdk.internal.loader.Resource::getByteBuffer@13 (line 165)
                      ; - jdk.internal.loader.BuiltinClassLoader::defineClass@45 (line 853)
  0x0000016ec9552400: caff 488b 

  0x0000016ec9552404: ;   {runtime_call fast_new_instance Runtime1 stub}
  0x0000016ec9552404: d2e8 76e1 

  0x0000016ec9552408: ; ImmutableOopMap {r9=Oop [144]=Oop [160]=Oop [168]=Oop [184]=Oop }
                      ;*new {reexecute=0 rethrow=0 return_oop=0}
                      ; - jdk.internal.loader.BuiltinClassLoader::defineClass@61 (line 856)
  0x0000016ec9552408: caff e968 

  0x0000016ec955240c: ;   {internal_word}
  0x0000016ec955240c: fdff ff49 | baec 2155 | c96e 0100 | 004d 8997 | 6804 0000 

  0x0000016ec9552420: ;   {runtime_call SafepointBlob}
  0x0000016ec9552420: e9db 32c0 | ff48 8bd2 

  0x0000016ec9552428: ;   {runtime_call fast_new_instance Runtime1 stub}
  0x0000016ec9552428: e853 e1ca 

  0x0000016ec955242c: ; ImmutableOopMap {r9=Oop [144]=Oop [160]=Oop [168]=Oop [200]=Oop }
                      ;*new {reexecute=0 rethrow=0 return_oop=0}
                      ; - jdk.internal.loader.BuiltinClassLoader::defineClass@95 (line 861)
  0x0000016ec955242c: ffe9 6dfe 

  0x0000016ec9552430: ;   {runtime_call throw_null_pointer_exception Runtime1 stub}
  0x0000016ec9552430: ffff e849 

  0x0000016ec9552434: ; ImmutableOopMap {rax=Oop [144]=Oop [160]=Oop [200]=Oop [208]=Oop }
                      ;*arraylength {reexecute=0 rethrow=0 return_oop=0}
                      ; - jdk.internal.loader.BuiltinClassLoader::defineClass@114 (line 862)
                      ;   {internal_word}
  0x0000016ec9552434: d8ca ff49 | ba34 2355 | c96e 0100 | 004d 8997 | 6804 0000 

  0x0000016ec9552448: ;   {runtime_call SafepointBlob}
  0x0000016ec9552448: e9b3 32c0 | ff48 8d84 | 24e0 0000 | 0048 8904 

  0x0000016ec9552458: ;   {runtime_call monitorexit_nofpu Runtime1 stub}
  0x0000016ec9552458: 24e8 220e | cbff e927 | ffff ff49 | 8b87 0005 | 0000 49c7 | 8700 0500 | 0000 0000 | 0049 c787 
  0x0000016ec9552478: 0805 0000 | 0000 0000 | 4881 c400 | 0100 005d 

  0x0000016ec9552488: ;   {runtime_call unwind_exception Runtime1 stub}
  0x0000016ec9552488: e9f3 c8ca | fff4 f4f4 
[Stub Code]
  0x0000016ec9552490: ;   {no_reloc}
  0x0000016ec9552490: 0f1f 4400 

  0x0000016ec9552494: ;   {static_stub}
  0x0000016ec9552494: 0048 bb00 | 0000 0000 

  0x0000016ec955249c: ;   {runtime_call}
  0x0000016ec955249c: 0000 00e9 | fbff ffff 

  0x0000016ec95524a4: ;   {static_stub}
  0x0000016ec95524a4: 9048 bb00 | 0000 0000 

  0x0000016ec95524ac: ;   {runtime_call}
  0x0000016ec95524ac: 0000 00e9 | fbff ffff 

  0x0000016ec95524b4: ;   {static_stub}
  0x0000016ec95524b4: 9048 bb00 | 0000 0000 

  0x0000016ec95524bc: ;   {runtime_call}
  0x0000016ec95524bc: 0000 00e9 | fbff ffff 

  0x0000016ec95524c4: ;   {static_stub}
  0x0000016ec95524c4: 9048 bb00 | 0000 0000 

  0x0000016ec95524cc: ;   {runtime_call}
  0x0000016ec95524cc: 0000 00e9 | fbff ffff 

  0x0000016ec95524d4: ;   {static_stub}
  0x0000016ec95524d4: 9048 bb00 | 0000 0000 

  0x0000016ec95524dc: ;   {runtime_call}
  0x0000016ec95524dc: 0000 00e9 | fbff ffff 

  0x0000016ec95524e4: ;   {static_stub}
  0x0000016ec95524e4: 9048 bb00 | 0000 0000 

  0x0000016ec95524ec: ;   {runtime_call}
  0x0000016ec95524ec: 0000 00e9 | fbff ffff 

  0x0000016ec95524f4: ;   {static_stub}
  0x0000016ec95524f4: 9048 bb00 | 0000 0000 

  0x0000016ec95524fc: ;   {runtime_call}
  0x0000016ec95524fc: 0000 00e9 | fbff ffff 

  0x0000016ec9552504: ;   {static_stub}
  0x0000016ec9552504: 9048 bb00 | 0000 0000 

  0x0000016ec955250c: ;   {runtime_call}
  0x0000016ec955250c: 0000 00e9 | fbff ffff 

  0x0000016ec9552514: ;   {static_stub}
  0x0000016ec9552514: 48bb 0000 | 0000 0000 

  0x0000016ec955251c: ;   {runtime_call}
  0x0000016ec955251c: 0000 e9fb 

  0x0000016ec9552520: ;   {static_stub}
  0x0000016ec9552520: ffff ff48 | bb00 0000 | 0000 0000 

  0x0000016ec955252c: ;   {runtime_call}
  0x0000016ec955252c: 00e9 fbff 

  0x0000016ec9552530: ;   {static_stub}
  0x0000016ec9552530: ffff 48bb | 0000 0000 | 0000 0000 

  0x0000016ec955253c: ;   {runtime_call}
  0x0000016ec955253c: e9fb ffff 

  0x0000016ec9552540: ;   {static_stub}
  0x0000016ec9552540: ff48 bb00 | 0000 0000 

  0x0000016ec9552548: ;   {runtime_call}
  0x0000016ec9552548: 0000 00e9 | fbff ffff 

  0x0000016ec9552550: ;   {static_stub}
  0x0000016ec9552550: 48bb 58d7 | 04d0 6e01 

  0x0000016ec9552558: ;   {runtime_call I2C/C2I adapters}
  0x0000016ec9552558: 0000 e988 

  0x0000016ec955255c: ;   {static_stub}
  0x0000016ec955255c: 1cc0 ff48 | bb00 0000 | 0000 0000 

  0x0000016ec9552568: ;   {runtime_call}
  0x0000016ec9552568: 00e9 fbff 

  0x0000016ec955256c: ;   {static_stub}
  0x0000016ec955256c: ffff 48bb | a8ce 43d0 | 6e01 0000 

  0x0000016ec9552578: ;   {runtime_call I2C/C2I adapters}
  0x0000016ec9552578: e9f8 ebbe 

  0x0000016ec955257c: ;   {runtime_call handle_exception_from_callee Runtime1 stub}
  0x0000016ec955257c: ffe8 fef4 

  0x0000016ec9552580: ;   {external_word}
  0x0000016ec9552580: caff 48b9 | 0028 0446 | fd7f 0000 | 4883 e4f0 

  0x0000016ec9552590: ;   {runtime_call}
  0x0000016ec9552590: 48b8 e00f | cc45 fd7f | 0000 ffd0 

  0x0000016ec955259c: ;   {section_word}
  0x0000016ec955259c: f449 ba9d | 2555 c96e | 0100 0041 

  0x0000016ec95525a8: ;   {runtime_call DeoptimizationBlob}
  0x0000016ec95525a8: 52e9 f223 | c0ff f4f4 
[/MachCode]


---------------  P R O C E S S  ---------------

Threads class SMR info:
_java_thread_list=0x0000016f15fa51d0, length=17, elements={
0x0000016ebeada970, 0x0000016ecf453c30, 0x0000016ecf454950, 0x0000016ecf4561a0,
0x0000016ecf45a520, 0x0000016ecf45c1f0, 0x0000016ecf45d0e0, 0x0000016ecf45db40,
0x0000016ecf51e8c0, 0x0000016ecf66ace0, 0x0000016ecfa2cf20, 0x0000016ecfa2e5a0,
0x0000016f151bba50, 0x0000016f15263fa0, 0x0000016f15bca530, 0x0000016f15c32bc0,
0x0000016f15aa3010
}

Java Threads: ( => current thread )
=>0x0000016ebeada970 JavaThread "main"                              [_thread_in_vm, id=16204, stack(0x0000003f8d500000,0x0000003f8d600000) (1024K)]
  0x0000016ecf453c30 JavaThread "Reference Handler"          daemon [_thread_blocked, id=1776, stack(0x0000003f8dd00000,0x0000003f8de00000) (1024K)]
  0x0000016ecf454950 JavaThread "Finalizer"                  daemon [_thread_blocked, id=15464, stack(0x0000003f8de00000,0x0000003f8df00000) (1024K)]
  0x0000016ecf4561a0 JavaThread "Signal Dispatcher"          daemon [_thread_blocked, id=14696, stack(0x0000003f8df00000,0x0000003f8e000000) (1024K)]
  0x0000016ecf45a520 JavaThread "Attach Listener"            daemon [_thread_blocked, id=10596, stack(0x0000003f8e000000,0x0000003f8e100000) (1024K)]
  0x0000016ecf45c1f0 JavaThread "Service Thread"             daemon [_thread_blocked, id=15940, stack(0x0000003f8e100000,0x0000003f8e200000) (1024K)]
  0x0000016ecf45d0e0 JavaThread "Monitor Deflation Thread"   daemon [_thread_blocked, id=11512, stack(0x0000003f8e200000,0x0000003f8e300000) (1024K)]
  0x0000016ecf45db40 JavaThread "C1 CompilerThread0"         daemon [_thread_blocked, id=19444, stack(0x0000003f8e300000,0x0000003f8e400000) (1024K)]
  0x0000016ecf51e8c0 JavaThread "Common-Cleaner"             daemon [_thread_blocked, id=9688, stack(0x0000003f8e400000,0x0000003f8e500000) (1024K)]
  0x0000016ecf66ace0 JavaThread "C1 CompilerThread1"         daemon [_thread_blocked, id=13748, stack(0x0000003f8e500000,0x0000003f8e600000) (1024K)]
  0x0000016ecfa2cf20 JavaThread "Monitor Ctrl-Break"         daemon [_thread_in_native, id=2396, stack(0x0000003f8e600000,0x0000003f8e700000) (1024K)]
  0x0000016ecfa2e5a0 JavaThread "Notification Thread"        daemon [_thread_blocked, id=20448, stack(0x0000003f8e700000,0x0000003f8e800000) (1024K)]
  0x0000016f151bba50 JavaThread "C1 CompilerThread2"         daemon [_thread_blocked, id=12764, stack(0x0000003f8e800000,0x0000003f8e900000) (1024K)]
  0x0000016f15263fa0 JavaThread "RMI TCP Accept-0"           daemon [_thread_in_native, id=5400, stack(0x0000003f8ec00000,0x0000003f8ed00000) (1024K)]
  0x0000016f15bca530 JavaThread "RMI TCP Connection(1)-172.28.15.187" daemon [_thread_in_native, id=18892, stack(0x0000003f8ee00000,0x0000003f8ef00000) (1024K)]
  0x0000016f15c32bc0 JavaThread "RMI Scheduler(0)"           daemon [_thread_blocked, id=16616, stack(0x0000003f8ef00000,0x0000003f8f000000) (1024K)]
  0x0000016f15aa3010 JavaThread "JMX server connection timeout 38" daemon [_thread_blocked, id=3572, stack(0x0000003f8ed00000,0x0000003f8ee00000) (1024K)]
Total: 17

Other Threads:
  0x0000016ec0d6ca80 VMThread "VM Thread"                           [id=18352, stack(0x0000003f8dc00000,0x0000003f8dd00000) (1024K)]
  0x0000016ecf43ca10 WatcherThread "VM Periodic Task Thread"        [id=14056, stack(0x0000003f8db00000,0x0000003f8dc00000) (1024K)]
  0x0000016ec0ce98c0 WorkerThread "GC Thread#0"                     [id=11132, stack(0x0000003f8d600000,0x0000003f8d700000) (1024K)]
  0x0000016f151dea50 WorkerThread "GC Thread#1"                     [id=15044, stack(0x0000003f8e900000,0x0000003f8ea00000) (1024K)]
  0x0000016f151f0540 WorkerThread "GC Thread#2"                     [id=16824, stack(0x0000003f8ea00000,0x0000003f8eb00000) (1024K)]
  0x0000016f151f08e0 WorkerThread "GC Thread#3"                     [id=6208, stack(0x0000003f8eb00000,0x0000003f8ec00000) (1024K)]
  0x0000016ec0cf15e0 ConcurrentGCThread "G1 Main Marker"            [id=1352, stack(0x0000003f8d700000,0x0000003f8d800000) (1024K)]
  0x0000016ec0cf1fe0 WorkerThread "G1 Conc#0"                       [id=14168, stack(0x0000003f8d800000,0x0000003f8d900000) (1024K)]
  0x0000016ec0d46c00 ConcurrentGCThread "G1 Refine#0"               [id=17536, stack(0x0000003f8d900000,0x0000003f8da00000) (1024K)]
  0x0000016ec0d47670 ConcurrentGCThread "G1 Service"                [id=12856, stack(0x0000003f8da00000,0x0000003f8db00000) (1024K)]
Total: 10

Threads with active compile tasks:
Total: 0

VM state: not at safepoint (normal execution)

VM Mutex/Monitor currently owned by a thread:  ([mutex/lock_event])
[0x00007ffd462d8578] Metaspace_lock - owner thread: 0x0000016ebeada970

Heap address: 0x00000000c8e00000, size: 882 MB, Compressed Oops mode: 32-bit

CDS archive(s) mapped at: [0x0000016ed0000000-0x0000016ed0c90000-0x0000016ed0c90000), size 13172736, SharedBaseAddress: 0x0000016ed0000000, ArchiveRelocationMode: 1.
Compressed class space mapped at: 0x0000016ed1000000-0x0000016f11000000, reserved size: 1073741824
Narrow klass base: 0x0000016ed0000000, Narrow klass shift: 0, Narrow klass range: 0x100000000

GC Precious Log:
 CardTable entry size: 512
 Card Set container configuration: InlinePtr #cards 5 size 8 Array Of Cards #cards 12 size 40 Howl #buckets 4 coarsen threshold 1843 Howl Bitmap #cards 512 size 80 coarsen threshold 460 Card regions per heap region 1 cards per card region 2048
 CPUs: 4 total, 4 available
 Memory: 3526M
 Large Page Support: Disabled
 NUMA Support: Disabled
 Compressed Oops: Enabled (32-bit)
 Heap Region Size: 1M
 Heap Min Capacity: 8M
 Heap Initial Capacity: 56M
 Heap Max Capacity: 882M
 Pre-touch: Disabled
 Parallel Workers: 4
 Concurrent Workers: 1
 Concurrent Refinement Workers: 4
 Periodic GC: Disabled

Heap:
 garbage-first heap   total 55296K, used 31696K [0x00000000c8e00000, 0x0000000100000000)
  region size 1024K, 16 young (16384K), 3 survivors (3072K)
 Metaspace       used 28282K, committed 28800K, reserved 1114112K
  class space    used 3902K, committed 4160K, reserved 1048576K

Heap Regions: E=young(eden), S=young(survivor), O=old, HS=humongous(starts), HC=humongous(continues), CS=collection set, F=free, TAMS=top-at-mark-start, PB=parsable bottom
|   0|0x00000000c8e00000, 0x00000000c8f00000, 0x00000000c8f00000|100%|HS|  |TAMS 0x00000000c8e00000| PB 0x00000000c8e00000| Complete 
|   1|0x00000000c8f00000, 0x00000000c9000000, 0x00000000c9000000|100%| O|  |TAMS 0x00000000c8f00000| PB 0x00000000c8f00000| Untracked 
|   2|0x00000000c9000000, 0x00000000c9100000, 0x00000000c9100000|100%| O|  |TAMS 0x00000000c9000000| PB 0x00000000c9000000| Untracked 
|   3|0x00000000c9100000, 0x00000000c9200000, 0x00000000c9200000|100%| O|  |TAMS 0x00000000c9100000| PB 0x00000000c9100000| Untracked 
|   4|0x00000000c9200000, 0x00000000c9300000, 0x00000000c9300000|100%| O|  |TAMS 0x00000000c9200000| PB 0x00000000c9200000| Untracked 
|   5|0x00000000c9300000, 0x00000000c9400000, 0x00000000c9400000|100%| O|  |TAMS 0x00000000c9300000| PB 0x00000000c9300000| Untracked 
|   6|0x00000000c9400000, 0x00000000c9500000, 0x00000000c9500000|100%| O|  |TAMS 0x00000000c9400000| PB 0x00000000c9400000| Untracked 
|   7|0x00000000c9500000, 0x00000000c9600000, 0x00000000c9600000|100%| O|  |TAMS 0x00000000c9500000| PB 0x00000000c9500000| Untracked 
|   8|0x00000000c9600000, 0x00000000c9700000, 0x00000000c9700000|100%| O|  |TAMS 0x00000000c9600000| PB 0x00000000c9600000| Untracked 
|   9|0x00000000c9700000, 0x00000000c9800000, 0x00000000c9800000|100%| O|  |TAMS 0x00000000c9700000| PB 0x00000000c9700000| Untracked 
|  10|0x00000000c9800000, 0x00000000c9900000, 0x00000000c9900000|100%| O|  |TAMS 0x00000000c9800000| PB 0x00000000c9800000| Untracked 
|  11|0x00000000c9900000, 0x00000000c9a00000, 0x00000000c9a00000|100%| O|  |TAMS 0x00000000c9900000| PB 0x00000000c9900000| Untracked 
|  12|0x00000000c9a00000, 0x00000000c9aff240, 0x00000000c9b00000| 99%| O|  |TAMS 0x00000000c9a00000| PB 0x00000000c9a00000| Untracked 
|  13|0x00000000c9b00000, 0x00000000c9c00000, 0x00000000c9c00000|100%| O|  |TAMS 0x00000000c9b00000| PB 0x00000000c9b00000| Untracked 
|  14|0x00000000c9c00000, 0x00000000c9d00000, 0x00000000c9d00000|100%| O|  |TAMS 0x00000000c9c00000| PB 0x00000000c9c00000| Untracked 
|  15|0x00000000c9d00000, 0x00000000c9e00000, 0x00000000c9e00000|100%| O|  |TAMS 0x00000000c9d00000| PB 0x00000000c9d00000| Untracked 
|  16|0x00000000c9e00000, 0x00000000c9e9fb50, 0x00000000c9f00000| 62%| O|  |TAMS 0x00000000c9e00000| PB 0x00000000c9e00000| Untracked 
|  17|0x00000000c9f00000, 0x00000000c9f00000, 0x00000000ca000000|  0%| F|  |TAMS 0x00000000c9f00000| PB 0x00000000c9f00000| Untracked 
|  18|0x00000000ca000000, 0x00000000ca000000, 0x00000000ca100000|  0%| F|  |TAMS 0x00000000ca000000| PB 0x00000000ca000000| Untracked 
|  19|0x00000000ca100000, 0x00000000ca100000, 0x00000000ca200000|  0%| F|  |TAMS 0x00000000ca100000| PB 0x00000000ca100000| Untracked 
|  20|0x00000000ca200000, 0x00000000ca200000, 0x00000000ca300000|  0%| F|  |TAMS 0x00000000ca200000| PB 0x00000000ca200000| Untracked 
|  21|0x00000000ca300000, 0x00000000ca300000, 0x00000000ca400000|  0%| F|  |TAMS 0x00000000ca300000| PB 0x00000000ca300000| Untracked 
|  22|0x00000000ca400000, 0x00000000ca400000, 0x00000000ca500000|  0%| F|  |TAMS 0x00000000ca400000| PB 0x00000000ca400000| Untracked 
|  23|0x00000000ca500000, 0x00000000ca500000, 0x00000000ca600000|  0%| F|  |TAMS 0x00000000ca500000| PB 0x00000000ca500000| Untracked 
|  24|0x00000000ca600000, 0x00000000ca600000, 0x00000000ca700000|  0%| F|  |TAMS 0x00000000ca600000| PB 0x00000000ca600000| Untracked 
|  25|0x00000000ca700000, 0x00000000ca700000, 0x00000000ca800000|  0%| F|  |TAMS 0x00000000ca700000| PB 0x00000000ca700000| Untracked 
|  26|0x00000000ca800000, 0x00000000ca855540, 0x00000000ca900000| 33%| S|CS|TAMS 0x00000000ca800000| PB 0x00000000ca800000| Complete 
|  27|0x00000000ca900000, 0x00000000caa00000, 0x00000000caa00000|100%| S|CS|TAMS 0x00000000ca900000| PB 0x00000000ca900000| Complete 
|  28|0x00000000caa00000, 0x00000000cab00000, 0x00000000cab00000|100%| S|CS|TAMS 0x00000000caa00000| PB 0x00000000caa00000| Complete 
|  29|0x00000000cab00000, 0x00000000cab00000, 0x00000000cac00000|  0%| F|  |TAMS 0x00000000cab00000| PB 0x00000000cab00000| Untracked 
|  30|0x00000000cac00000, 0x00000000cac00000, 0x00000000cad00000|  0%| F|  |TAMS 0x00000000cac00000| PB 0x00000000cac00000| Untracked 
|  31|0x00000000cad00000, 0x00000000cad00000, 0x00000000cae00000|  0%| F|  |TAMS 0x00000000cad00000| PB 0x00000000cad00000| Untracked 
|  32|0x00000000cae00000, 0x00000000cae00000, 0x00000000caf00000|  0%| F|  |TAMS 0x00000000cae00000| PB 0x00000000cae00000| Untracked 
|  33|0x00000000caf00000, 0x00000000caf00000, 0x00000000cb000000|  0%| F|  |TAMS 0x00000000caf00000| PB 0x00000000caf00000| Untracked 
|  34|0x00000000cb000000, 0x00000000cb000000, 0x00000000cb100000|  0%| F|  |TAMS 0x00000000cb000000| PB 0x00000000cb000000| Untracked 
|  35|0x00000000cb100000, 0x00000000cb100000, 0x00000000cb200000|  0%| F|  |TAMS 0x00000000cb100000| PB 0x00000000cb100000| Untracked 
|  36|0x00000000cb200000, 0x00000000cb200000, 0x00000000cb300000|  0%| F|  |TAMS 0x00000000cb200000| PB 0x00000000cb200000| Untracked 
|  37|0x00000000cb300000, 0x00000000cb300000, 0x00000000cb400000|  0%| F|  |TAMS 0x00000000cb300000| PB 0x00000000cb300000| Untracked 
|  38|0x00000000cb400000, 0x00000000cb400000, 0x00000000cb500000|  0%| F|  |TAMS 0x00000000cb400000| PB 0x00000000cb400000| Untracked 
|  39|0x00000000cb500000, 0x00000000cb500000, 0x00000000cb600000|  0%| F|  |TAMS 0x00000000cb500000| PB 0x00000000cb500000| Untracked 
|  40|0x00000000cb600000, 0x00000000cb600000, 0x00000000cb700000|  0%| F|  |TAMS 0x00000000cb600000| PB 0x00000000cb600000| Untracked 
|  41|0x00000000cb700000, 0x00000000cb7781f8, 0x00000000cb800000| 46%| E|  |TAMS 0x00000000cb700000| PB 0x00000000cb700000| Complete 
|  42|0x00000000cb800000, 0x00000000cb900000, 0x00000000cb900000|100%| E|CS|TAMS 0x00000000cb800000| PB 0x00000000cb800000| Complete 
|  43|0x00000000cb900000, 0x00000000cba00000, 0x00000000cba00000|100%| E|CS|TAMS 0x00000000cb900000| PB 0x00000000cb900000| Complete 
|  44|0x00000000cba00000, 0x00000000cbb00000, 0x00000000cbb00000|100%| E|CS|TAMS 0x00000000cba00000| PB 0x00000000cba00000| Complete 
|  45|0x00000000cbb00000, 0x00000000cbc00000, 0x00000000cbc00000|100%| E|CS|TAMS 0x00000000cbb00000| PB 0x00000000cbb00000| Complete 
|  46|0x00000000cbc00000, 0x00000000cbd00000, 0x00000000cbd00000|100%| E|CS|TAMS 0x00000000cbc00000| PB 0x00000000cbc00000| Complete 
|  47|0x00000000cbd00000, 0x00000000cbe00000, 0x00000000cbe00000|100%| E|CS|TAMS 0x00000000cbd00000| PB 0x00000000cbd00000| Complete 
|  48|0x00000000cbe00000, 0x00000000cbf00000, 0x00000000cbf00000|100%| E|CS|TAMS 0x00000000cbe00000| PB 0x00000000cbe00000| Complete 
|  49|0x00000000cbf00000, 0x00000000cc000000, 0x00000000cc000000|100%| E|CS|TAMS 0x00000000cbf00000| PB 0x00000000cbf00000| Complete 
|  50|0x00000000cc000000, 0x00000000cc100000, 0x00000000cc100000|100%| E|CS|TAMS 0x00000000cc000000| PB 0x00000000cc000000| Complete 
|  51|0x00000000cc100000, 0x00000000cc200000, 0x00000000cc200000|100%| E|CS|TAMS 0x00000000cc100000| PB 0x00000000cc100000| Complete 
|  52|0x00000000cc200000, 0x00000000cc300000, 0x00000000cc300000|100%| E|CS|TAMS 0x00000000cc200000| PB 0x00000000cc200000| Complete 
|  55|0x00000000cc500000, 0x00000000cc600000, 0x00000000cc600000|100%| E|CS|TAMS 0x00000000cc500000| PB 0x00000000cc500000| Complete 

Card table byte_map: [0x0000016ec0a70000,0x0000016ec0c30000] _byte_map_base: 0x0000016ec0429000

Marking Bits: (CMBitMap*) 0x0000016ec0ce9ec0
 Bits: [0x0000016ecc100000, 0x0000016eccec8000)

Polling page: 0x0000016ebec30000

Metaspace:

Usage:
  Non-class:     23.81 MB used.
      Class:      3.81 MB used.
       Both:     27.62 MB used.

Virtual space:
  Non-class space:       64.00 MB reserved,      24.06 MB ( 38%) committed,  1 nodes.
      Class space:        1.00 GB reserved,       4.06 MB ( <1%) committed,  1 nodes.
             Both:        1.06 GB reserved,      28.12 MB (  3%) committed. 

Chunk freelists:
   Non-Class:  7.30 MB
       Class:  11.97 MB
        Both:  19.27 MB

MaxMetaspaceSize: unlimited
CompressedClassSpaceSize: 1.00 GB
Initial GC threshold: 21.00 MB
Current GC threshold: 35.12 MB
CDS: on
 - commit_granule_bytes: 65536.
 - commit_granule_words: 8192.
 - virtual_space_node_default_size: 8388608.
 - enlarge_chunks_in_place: 1.
 - use_allocation_guard: 0.


Internal statistics:

num_allocs_failed_limit: 3.
num_arena_births: 658.
num_arena_deaths: 0.
num_vsnodes_births: 2.
num_vsnodes_deaths: 0.
num_space_committed: 450.
num_space_uncommitted: 0.
num_chunks_returned_to_freelist: 3.
num_chunks_taken_from_freelist: 1621.
num_chunk_merges: 3.
num_chunk_splits: 1099.
num_chunks_enlarged: 770.
num_inconsistent_stats: 0.

CodeCache: size=49152Kb used=9405Kb max_used=9405Kb free=39746Kb
 bounds [0x0000016ec9100000, 0x0000016ec9a30000, 0x0000016ecc100000]
 total_blobs=4999 nmethods=4466 adapters=454
 compilation: disabled (not enough contiguous free space left)
              stopped_count=1, restarted_count=0
 full_count=1

Compilation events (20 events):
Event: 8.903 Thread 0x0000016ecf66ace0 nmethod 4458 0x0000016ec9a2bc10 code [0x0000016ec9a2bda0, 0x0000016ec9a2beb8]
Event: 8.903 Thread 0x0000016f151bba50 4459       1       org.springframework.boot.context.properties.source.SpringConfigurationPropertySources$SourcesIterator::<init> (32 bytes)
Event: 8.903 Thread 0x0000016ecf45db40 nmethod 4457 0x0000016ec9a2bf10 code [0x0000016ec9a2c100, 0x0000016ec9a2c4b0]
Event: 8.903 Thread 0x0000016f151bba50 nmethod 4459 0x0000016ec9a2c690 code [0x0000016ec9a2c840, 0x0000016ec9a2cb58]
Event: 8.903 Thread 0x0000016ecf66ace0 4460       1       org.springframework.boot.context.properties.source.SpringConfigurationPropertySource::containsDescendantOf (61 bytes)
Event: 8.904 Thread 0x0000016ecf66ace0 nmethod 4460 0x0000016ec9a2cc90 code [0x0000016ec9a2cec0, 0x0000016ec9a2d338]
Event: 8.907 Thread 0x0000016ecf45db40 4461       1       org.springframework.boot.env.OriginTrackedMapPropertySource::getProperty (25 bytes)
Event: 8.907 Thread 0x0000016ecf66ace0 4462       1       org.springframework.boot.context.properties.source.ConfigurationPropertyName::dashIgnoringElementEquals (155 bytes)
Event: 8.907 Thread 0x0000016ecf45db40 nmethod 4461 0x0000016ec9a2d590 code [0x0000016ec9a2d760, 0x0000016ec9a2d980]
Event: 8.908 Thread 0x0000016ecf66ace0 nmethod 4462 0x0000016ec9a2da90 code [0x0000016ec9a2dca0, 0x0000016ec9a2e0a0]
Event: 8.908 Thread 0x0000016ecf45db40 4463       1       java.util.HashSet::clear (8 bytes)
Event: 8.908 Thread 0x0000016ecf45db40 nmethod 4463 0x0000016ec9a2e390 code [0x0000016ec9a2e540, 0x0000016ec9a2e638]
Event: 8.937 Thread 0x0000016ecf45db40 4464       1       java.util.ArrayList::addAll (111 bytes)
Event: 8.937 Thread 0x0000016ecf66ace0 4465       1       org.springframework.orm.jpa.support.PersistenceAnnotationBeanPostProcessor$$Lambda/0x0000016ed13aea90::doWith (13 bytes)
Event: 8.937 Thread 0x0000016ecf45db40 nmethod 4464 0x0000016ec9a2e710 code [0x0000016ec9a2e920, 0x0000016ec9a2ee40]
Event: 8.938 Thread 0x0000016ecf66ace0 nmethod 4465 0x0000016ec9a2f090 code [0x0000016ec9a2f240, 0x0000016ec9a2f338]
Event: 8.938 Thread 0x0000016f151bba50 4466       1       org.springframework.orm.jpa.support.PersistenceAnnotationBeanPostProcessor::lambda$buildPersistenceMetadata$0 (58 bytes)
Event: 8.938 Thread 0x0000016ecf45db40 4467       1       org.springframework.context.annotation.CommonAnnotationBeanPostProcessor$$Lambda/0x0000016ed13af0f0::doWith (13 bytes)
Event: 8.938 Thread 0x0000016ecf45db40 nmethod 4467 0x0000016ec9a2f410 code [0x0000016ec9a2f5c0, 0x0000016ec9a2f6b8]
Event: 8.939 Thread 0x0000016f151bba50 


GC Heap History (14 events):
Event: 0.693 GC heap before
{Heap before GC invocations=0 (full 0):
 garbage-first heap   total 57344K, used 13312K [0x00000000c8e00000, 0x0000000100000000)
  region size 1024K, 13 young (13312K), 0 survivors (0K)
 Metaspace       used 3539K, committed 3648K, reserved 1114112K
  class space    used 408K, committed 448K, reserved 1048576K
}
Event: 0.700 GC heap after
{Heap after GC invocations=1 (full 0):
 garbage-first heap   total 57344K, used 6825K [0x00000000c8e00000, 0x0000000100000000)
  region size 1024K, 2 young (2048K), 2 survivors (2048K)
 Metaspace       used 3539K, committed 3648K, reserved 1114112K
  class space    used 408K, committed 448K, reserved 1048576K
}
Event: 1.431 GC heap before
{Heap before GC invocations=1 (full 0):
 garbage-first heap   total 57344K, used 19113K [0x00000000c8e00000, 0x0000000100000000)
  region size 1024K, 14 young (14336K), 2 survivors (2048K)
 Metaspace       used 8073K, committed 8320K, reserved 1114112K
  class space    used 1005K, committed 1088K, reserved 1048576K
}
Event: 1.438 GC heap after
{Heap after GC invocations=2 (full 0):
 garbage-first heap   total 57344K, used 8121K [0x00000000c8e00000, 0x0000000100000000)
  region size 1024K, 2 young (2048K), 2 survivors (2048K)
 Metaspace       used 8073K, committed 8320K, reserved 1114112K
  class space    used 1005K, committed 1088K, reserved 1048576K
}
Event: 2.750 GC heap before
{Heap before GC invocations=2 (full 0):
 garbage-first heap   total 57344K, used 28601K [0x00000000c8e00000, 0x0000000100000000)
  region size 1024K, 23 young (23552K), 2 survivors (2048K)
 Metaspace       used 13573K, committed 13888K, reserved 1114112K
  class space    used 1776K, committed 1920K, reserved 1048576K
}
Event: 2.764 GC heap after
{Heap after GC invocations=3 (full 0):
 garbage-first heap   total 57344K, used 9670K [0x00000000c8e00000, 0x0000000100000000)
  region size 1024K, 3 young (3072K), 3 survivors (3072K)
 Metaspace       used 13573K, committed 13888K, reserved 1114112K
  class space    used 1776K, committed 1920K, reserved 1048576K
}
Event: 5.782 GC heap before
{Heap before GC invocations=3 (full 0):
 garbage-first heap   total 57344K, used 39366K [0x00000000c8e00000, 0x0000000100000000)
  region size 1024K, 32 young (32768K), 3 survivors (3072K)
 Metaspace       used 19626K, committed 19968K, reserved 1114112K
  class space    used 2594K, committed 2752K, reserved 1048576K
}
Event: 5.796 GC heap after
{Heap after GC invocations=4 (full 0):
 garbage-first heap   total 57344K, used 12969K [0x00000000c8e00000, 0x0000000100000000)
  region size 1024K, 4 young (4096K), 4 survivors (4096K)
 Metaspace       used 19626K, committed 19968K, reserved 1114112K
  class space    used 2594K, committed 2752K, reserved 1048576K
}
Event: 6.582 GC heap before
{Heap before GC invocations=4 (full 0):
 garbage-first heap   total 57344K, used 27305K [0x00000000c8e00000, 0x0000000100000000)
  region size 1024K, 20 young (20480K), 4 survivors (4096K)
 Metaspace       used 21186K, committed 21504K, reserved 1114112K
  class space    used 2799K, committed 2944K, reserved 1048576K
}
Event: 6.598 GC heap after
{Heap after GC invocations=5 (full 0):
 garbage-first heap   total 57344K, used 15356K [0x00000000c8e00000, 0x0000000100000000)
  region size 1024K, 2 young (2048K), 2 survivors (2048K)
 Metaspace       used 21186K, committed 21504K, reserved 1114112K
  class space    used 2799K, committed 2944K, reserved 1048576K
}
Event: 7.552 GC heap before
{Heap before GC invocations=6 (full 0):
 garbage-first heap   total 55296K, used 43004K [0x00000000c8e00000, 0x0000000100000000)
  region size 1024K, 29 young (29696K), 2 survivors (2048K)
 Metaspace       used 24068K, committed 24448K, reserved 1114112K
  class space    used 3211K, committed 3392K, reserved 1048576K
}
Event: 7.563 GC heap after
{Heap after GC invocations=7 (full 0):
 garbage-first heap   total 55296K, used 17404K [0x00000000c8e00000, 0x0000000100000000)
  region size 1024K, 4 young (4096K), 4 survivors (4096K)
 Metaspace       used 24068K, committed 24448K, reserved 1114112K
  class space    used 3211K, committed 3392K, reserved 1048576K
}
Event: 8.397 GC heap before
{Heap before GC invocations=7 (full 0):
 garbage-first heap   total 55296K, used 43004K [0x00000000c8e00000, 0x0000000100000000)
  region size 1024K, 29 young (29696K), 4 survivors (4096K)
 Metaspace       used 26431K, committed 27008K, reserved 1114112K
  class space    used 3583K, committed 3840K, reserved 1048576K
}
Event: 8.416 GC heap after
{Heap after GC invocations=8 (full 0):
 garbage-first heap   total 55296K, used 19408K [0x00000000c8e00000, 0x0000000100000000)
  region size 1024K, 3 young (3072K), 3 survivors (3072K)
 Metaspace       used 26431K, committed 27008K, reserved 1114112K
  class space    used 3583K, committed 3840K, reserved 1048576K
}

Dll operation events (12 events):
Event: 0.024 Loaded shared library C:\Program Files\Java\jdk-21\bin\java.dll
Event: 0.245 Loaded shared library C:\Program Files\Java\jdk-21\bin\zip.dll
Event: 0.251 Loaded shared library C:\Program Files\Java\jdk-21\bin\instrument.dll
Event: 0.259 Loaded shared library C:\Program Files\Java\jdk-21\bin\net.dll
Event: 0.264 Loaded shared library C:\Program Files\Java\jdk-21\bin\nio.dll
Event: 0.268 Loaded shared library C:\Program Files\Java\jdk-21\bin\zip.dll
Event: 0.427 Loaded shared library C:\Program Files\JetBrains\IntelliJ IDEA 2023.3.2\bin\breakgen64.dll
Event: 0.438 Loaded shared library C:\Program Files\Java\jdk-21\bin\jimage.dll
Event: 0.447 Loaded shared library C:\Program Files\Java\jdk-21\bin\extnet.dll
Event: 0.467 Loaded shared library C:\Program Files\Java\jdk-21\bin\management.dll
Event: 0.482 Loaded shared library C:\Program Files\Java\jdk-21\bin\management_ext.dll
Event: 4.789 Loaded shared library C:\Program Files\Java\jdk-21\bin\sunmscapi.dll

Deoptimization events (10 events):
Event: 0.640 Thread 0x0000016ebeada970 DEOPT PACKING pc=0x0000016ec93c0fdd sp=0x0000003f8d5fcf00
Event: 0.640 Thread 0x0000016ebeada970 DEOPT UNPACKING pc=0x0000016ec9154e42 sp=0x0000003f8d5fc3b0 mode 3
Event: 0.657 Thread 0x0000016ebeada970 DEOPT PACKING pc=0x0000016ec9467ee0 sp=0x0000003f8d5fce00
Event: 0.657 Thread 0x0000016ebeada970 DEOPT UNPACKING pc=0x0000016ec9154e42 sp=0x0000003f8d5fc2b8 mode 3
Event: 2.984 Thread 0x0000016ebeada970 DEOPT PACKING pc=0x0000016ec967aaf9 sp=0x0000003f8d5fcd30
Event: 2.984 Thread 0x0000016ebeada970 DEOPT UNPACKING pc=0x0000016ec9154e42 sp=0x0000003f8d5fc210 mode 3
Event: 8.193 Thread 0x0000016ebeada970 DEOPT PACKING pc=0x0000016ec99a8d79 sp=0x0000003f8d5fdc40
Event: 8.193 Thread 0x0000016ebeada970 DEOPT UNPACKING pc=0x0000016ec9154e42 sp=0x0000003f8d5fd120 mode 3
Event: 8.435 Thread 0x0000016ebeada970 DEOPT PACKING pc=0x0000016ec98ca414 sp=0x0000003f8d5fcfc0
Event: 8.435 Thread 0x0000016ebeada970 DEOPT UNPACKING pc=0x0000016ec9154e42 sp=0x0000003f8d5fc478 mode 0

Classes loaded (20 events):
Event: 8.592 Loading class java/lang/ThreadDeath
Event: 8.593 Loading class java/lang/ThreadDeath done
Event: 8.790 Loading class java/beans/Introspector
Event: 8.791 Loading class java/beans/Introspector done
Event: 8.791 Loading class java/beans/EventSetDescriptor
Event: 8.792 Loading class java/beans/EventSetDescriptor done
Event: 8.792 Loading class java/beans/Introspector$1
Event: 8.792 Loading class jdk/internal/access/JavaBeansAccess
Event: 8.792 Loading class jdk/internal/access/JavaBeansAccess done
Event: 8.792 Loading class java/beans/Introspector$1 done
Event: 8.840 Loading class java/util/function/ObjIntConsumer
Event: 8.841 Loading class java/util/function/ObjIntConsumer done
Event: 8.847 Loading class jdk/internal/classfile/ClassBuilder
Event: 8.847 Loading class jdk/internal/classfile/ClassfileBuilder
Event: 8.848 Loading class jdk/internal/classfile/ClassfileBuilder done
Event: 8.848 Loading class jdk/internal/classfile/ClassBuilder done
Event: 8.848 Loading class jdk/internal/classfile/ClassElement
Event: 8.848 Loading class jdk/internal/classfile/ClassfileElement
Event: 8.848 Loading class jdk/internal/classfile/ClassfileElement done
Event: 8.848 Loading class jdk/internal/classfile/ClassElement done

Classes unloaded (0 events):
No events

Classes redefined (0 events):
No events

Internal exceptions (20 events):
Event: 8.236 Thread 0x0000016ebeada970 Exception <a 'java/lang/NoClassDefFoundError'{0x00000000cb0e69a0}: org/flywaydb/core/Flyway> (0x00000000cb0e69a0) 
thrown [s\open\src\hotspot\share\classfile\systemDictionary.cpp, line 301]
Event: 8.236 Thread 0x0000016ebeada970 Exception <a 'java/lang/NoClassDefFoundError'{0x00000000cb0e87a8}: liquibase/integration/spring/SpringLiquibase> (0x00000000cb0e87a8) 
thrown [s\open\src\hotspot\share\classfile\systemDictionary.cpp, line 301]
Event: 8.308 Thread 0x0000016ebeada970 Exception <a 'java/lang/NoClassDefFoundError'{0x00000000cada8638}: org/jooq/DSLContext> (0x00000000cada8638) 
thrown [s\open\src\hotspot\share\classfile\systemDictionary.cpp, line 301]
Event: 8.314 Thread 0x0000016ebeada970 Exception <a 'java/lang/NoClassDefFoundError'{0x00000000cadd2c60}: org/springframework/batch/core/repository/JobRepository> (0x00000000cadd2c60) 
thrown [s\open\src\hotspot\share\classfile\systemDictionary.cpp, line 301]
Event: 8.314 Thread 0x0000016ebeada970 Exception <a 'java/lang/NoClassDefFoundError'{0x00000000cadd47d8}: org/quartz/Scheduler> (0x00000000cadd47d8) 
thrown [s\open\src\hotspot\share\classfile\systemDictionary.cpp, line 301]
Event: 8.314 Thread 0x0000016ebeada970 Exception <a 'java/lang/NoClassDefFoundError'{0x00000000cadd6870}: org/springframework/session/jdbc/JdbcIndexedSessionRepository> (0x00000000cadd6870) 
thrown [s\open\src\hotspot\share\classfile\systemDictionary.cpp, line 301]
Event: 8.368 Thread 0x0000016ebeada970 Exception <a 'java/lang/NoSuchMethodError'{0x00000000cab62d20}: 'void java.lang.invoke.DirectMethodHandle$Holder.invokeVirtual(java.lang.Object, java.lang.Object, int)'> (0x00000000cab62d20) 
thrown [s\open\src\hotspot\share\interpreter\linkResolver.cpp, line 773]
Event: 8.369 Thread 0x0000016ebeada970 Exception <a 'java/lang/NoSuchMethodError'{0x00000000cab668b8}: 'int java.lang.invoke.DirectMethodHandle$Holder.invokeSpecial(java.lang.Object, java.lang.Object, java.lang.Object, int)'> (0x00000000cab668b8) 
thrown [s\open\src\hotspot\share\interpreter\linkResolver.cpp, line 773]
Event: 8.370 Thread 0x0000016ebeada970 Exception <a 'java/lang/NoSuchMethodError'{0x00000000cab78508}: 'java.lang.Object java.lang.invoke.DirectMethodHandle$Holder.invokeStatic(java.lang.Object, java.lang.Object, java.lang.Object, java.lang.Object, int)'> (0x00000000cab78508) 
thrown [s\open\src\hotspot\share\interpreter\linkResolver.cpp, line 773]
Event: 8.372 Thread 0x0000016ebeada970 Exception <a 'java/lang/NoSuchMethodError'{0x00000000cab7f8b8}: 'void java.lang.invoke.DelegatingMethodHandle$Holder.reinvoke_L(java.lang.Object, java.lang.Object, int)'> (0x00000000cab7f8b8) 
thrown [s\open\src\hotspot\share\interpreter\linkResolver.cpp, line 773]
Event: 8.566 Thread 0x0000016ebeada970 Exception <a 'java/lang/NoSuchMethodError'{0x00000000cc09ebf0}: 'java.lang.Object java.lang.invoke.DirectMethodHandle$Holder.invokeVirtual(java.lang.Object, java.lang.Object, java.lang.Object, java.lang.Object, java.lang.Object)'> (0x00000000cc09ebf0) 
thrown [s\open\src\hotspot\share\interpreter\linkResolver.cpp, line 773]
Event: 8.786 Thread 0x0000016ebeada970 Exception <a 'java/lang/NoSuchMethodError'{0x00000000cbd864e8}: 'java.lang.reflect.Field[] java.lang.Class.getDeclaredFields(java.lang.Class)'> (0x00000000cbd864e8) 
thrown [s\open\src\hotspot\share\interpreter\linkResolver.cpp, line 773]
Event: 8.799 Thread 0x0000016ebeada970 Exception <a 'java/lang/NoSuchMethodError'{0x00000000cbdd9610}: 'java.lang.Object java.lang.invoke.DirectMethodHandle$Holder.invokeVirtual(java.lang.Object, java.lang.Object, java.lang.Object, java.lang.Object, java.lang.Object, java.lang.Object)'> (0x00000000cbdd9610) 
thrown [s\open\src\hotspot\share\interpreter\linkResolver.cpp, line 773]
Event: 8.856 Thread 0x0000016ebeada970 Exception <a 'java/lang/NoSuchMethodError'{0x00000000cbb46be0}: 'void java.lang.invoke.DirectMethodHandle$Holder.invokeInterface(java.lang.Object, java.lang.Object, int)'> (0x00000000cbb46be0) 
thrown [s\open\src\hotspot\share\interpreter\linkResolver.cpp, line 773]
Event: 8.862 Thread 0x0000016ebeada970 Exception <a 'java/lang/IncompatibleClassChangeError'{0x00000000cbb88ef8}: Found class java.lang.Object, but interface was expected> (0x00000000cbb88ef8) 
thrown [s\open\src\hotspot\share\interpreter\linkResolver.cpp, line 840]
Event: 8.863 Thread 0x0000016ebeada970 Exception <a 'java/lang/NoSuchMethodError'{0x00000000cbb9dcc0}: 'void java.lang.invoke.DirectMethodHandle$Holder.invokeStatic(java.lang.Object, int, java.lang.Object)'> (0x00000000cbb9dcc0) 
thrown [s\open\src\hotspot\share\interpreter\linkResolver.cpp, line 773]
Event: 8.869 Thread 0x0000016ebeada970 Exception <a 'java/lang/NoSuchMethodError'{0x00000000cbbd3c98}: 'void java.lang.invoke.DirectMethodHandle$Holder.invokeStatic(java.lang.Object, java.lang.Object, java.lang.Object, int, java.lang.Object)'> (0x00000000cbbd3c98) 
thrown [s\open\src\hotspot\share\interpreter\linkResolver.cpp, line 773]
Event: 8.869 Thread 0x0000016ebeada970 Exception <a 'java/lang/NoSuchMethodError'{0x00000000cbbda4d8}: 'java.lang.Object java.lang.invoke.DirectMethodHandle$Holder.newInvokeSpecial(java.lang.Object, java.lang.Object, java.lang.Object, int)'> (0x00000000cbbda4d8) 
thrown [s\open\src\hotspot\share\interpreter\linkResolver.cpp, line 773]
Event: 8.869 Thread 0x0000016ebeada970 Exception <a 'java/lang/NoSuchMethodError'{0x00000000cbbde358}: 'java.lang.Object java.lang.invoke.DirectMethodHandle$Holder.invokeSpecial(java.lang.Object, java.lang.Object, java.lang.Object, java.lang.Object, int)'> (0x00000000cbbde358) 
thrown [s\open\src\hotspot\share\interpreter\linkResolver.cpp, line 773]
Event: 8.870 Thread 0x0000016ebeada970 Exception <a 'java/lang/NoSuchMethodError'{0x00000000cbbe17e0}: 'java.lang.Object java.lang.invoke.Invokers$Holder.linkToTargetMethod(java.lang.Object, java.lang.Object, int, java.lang.Object)'> (0x00000000cbbe17e0) 
thrown [s\open\src\hotspot\share\interpreter\linkResolver.cpp, line 773]

ZGC Phase Switch (0 events):
No events

VM Operations (20 events):
Event: 7.400 Executing VM operation: ICBufferFull
Event: 7.400 Executing VM operation: ICBufferFull done
Event: 7.552 Executing VM operation: G1CollectForAllocation (G1 Evacuation Pause)
Event: 7.563 Executing VM operation: G1CollectForAllocation (G1 Evacuation Pause) done
Event: 7.652 Executing VM operation: HandshakeAllThreads (Deoptimize)
Event: 7.652 Executing VM operation: HandshakeAllThreads (Deoptimize) done
Event: 8.073 Executing VM operation: HandshakeAllThreads (Deoptimize)
Event: 8.073 Executing VM operation: HandshakeAllThreads (Deoptimize) done
Event: 8.080 Executing VM operation: HandshakeAllThreads (Deoptimize)
Event: 8.080 Executing VM operation: HandshakeAllThreads (Deoptimize) done
Event: 8.114 Executing VM operation: HandshakeAllThreads (Deoptimize)
Event: 8.114 Executing VM operation: HandshakeAllThreads (Deoptimize) done
Event: 8.386 Executing VM operation: HandshakeAllThreads (Deoptimize)
Event: 8.386 Executing VM operation: HandshakeAllThreads (Deoptimize) done
Event: 8.397 Executing VM operation: G1CollectForAllocation (G1 Evacuation Pause)
Event: 8.416 Executing VM operation: G1CollectForAllocation (G1 Evacuation Pause) done
Event: 8.432 Executing VM operation: HandshakeAllThreads (Deoptimize)
Event: 8.432 Executing VM operation: HandshakeAllThreads (Deoptimize) done
Event: 8.435 Executing VM operation: HandshakeAllThreads (Deoptimize)
Event: 8.435 Executing VM operation: HandshakeAllThreads (Deoptimize) done

Events (20 events):
Event: 4.470 Thread 0x0000016f15bca530 Thread added: 0x0000016f15bca530
Event: 4.550 Thread 0x0000016f15c32bc0 Thread added: 0x0000016f15c32bc0
Event: 4.576 Thread 0x0000016f15c3c540 Thread added: 0x0000016f15c3c540
Event: 4.720 Thread 0x0000016f15c3c540 Thread exited: 0x0000016f15c3c540
Event: 4.834 Thread 0x0000016f15847a90 Thread exited: 0x0000016f15847a90
Event: 5.219 Thread 0x0000016f15cf1ec0 Thread added: 0x0000016f15cf1ec0
Event: 5.231 Thread 0x0000016f15cf1ec0 Thread exited: 0x0000016f15cf1ec0
Event: 5.733 Thread 0x0000016f15cf9d00 Thread added: 0x0000016f15cf9d00
Event: 5.743 Thread 0x0000016f15cf9d00 Thread exited: 0x0000016f15cf9d00
Event: 6.247 Thread 0x0000016f1557a200 Thread added: 0x0000016f1557a200
Event: 6.260 Thread 0x0000016f1557a200 Thread exited: 0x0000016f1557a200
Event: 6.301 Thread 0x0000016f1557ba20 Thread added: 0x0000016f1557ba20
Event: 6.349 Thread 0x0000016f1557ba20 Thread exited: 0x0000016f1557ba20
Event: 6.761 Thread 0x0000016ecf9852b0 Thread added: 0x0000016ecf9852b0
Event: 6.772 Thread 0x0000016ecf9852b0 Thread exited: 0x0000016ecf9852b0
Event: 7.276 Thread 0x0000016f15340a10 Thread added: 0x0000016f15340a10
Event: 7.290 Thread 0x0000016f15340a10 Thread exited: 0x0000016f15340a10
Event: 7.786 Thread 0x0000016f15e18360 Thread added: 0x0000016f15e18360
Event: 7.794 Thread 0x0000016f15e18360 Thread exited: 0x0000016f15e18360
Event: 8.298 Thread 0x0000016f15aa3010 Thread added: 0x0000016f15aa3010


Dynamic libraries:
0x00007ff7e8260000 - 0x00007ff7e8270000 	C:\Program Files\Java\jdk-21\bin\java.exe
0x00007ffda8b70000 - 0x00007ffda8d86000 	C:\WINDOWS\SYSTEM32\ntdll.dll
0x00007ffda8210000 - 0x00007ffda82d4000 	C:\WINDOWS\System32\KERNEL32.DLL
0x00007ffda64f0000 - 0x00007ffda6897000 	C:\WINDOWS\System32\KERNELBASE.dll
0x00007ffda61c0000 - 0x00007ffda62d1000 	C:\WINDOWS\System32\ucrtbase.dll
0x00007ffd92590000 - 0x00007ffd925ab000 	C:\Program Files\Java\jdk-21\bin\VCRUNTIME140.dll
0x00007ffd92300000 - 0x00007ffd92319000 	C:\Program Files\Java\jdk-21\bin\jli.dll
0x00007ffda6c20000 - 0x00007ffda6cd2000 	C:\WINDOWS\System32\ADVAPI32.dll
0x00007ffda6f50000 - 0x00007ffda6ff7000 	C:\WINDOWS\System32\msvcrt.dll
0x00007ffda6af0000 - 0x00007ffda6b98000 	C:\WINDOWS\System32\sechost.dll
0x00007ffda6190000 - 0x00007ffda61b8000 	C:\WINDOWS\System32\bcrypt.dll
0x00007ffda8440000 - 0x00007ffda8555000 	C:\WINDOWS\System32\RPCRT4.dll
0x00007ffda7800000 - 0x00007ffda79ae000 	C:\WINDOWS\System32\USER32.dll
0x00007ffda60c0000 - 0x00007ffda60e6000 	C:\WINDOWS\System32\win32u.dll
0x00007ffda7580000 - 0x00007ffda75a9000 	C:\WINDOWS\System32\GDI32.dll
0x00007ffda62e0000 - 0x00007ffda63f9000 	C:\WINDOWS\System32\gdi32full.dll
0x00007ffda60f0000 - 0x00007ffda618a000 	C:\WINDOWS\System32\msvcp_win.dll
0x00007ffd92b70000 - 0x00007ffd92e03000 	C:\WINDOWS\WinSxS\amd64_microsoft.windows.common-controls_6595b64144ccf1df_6.0.22621.3235_none_270f74e173860f98\COMCTL32.dll
0x00007ffd9da80000 - 0x00007ffd9da8a000 	C:\WINDOWS\SYSTEM32\VERSION.dll
0x00007ffda6f10000 - 0x00007ffda6f41000 	C:\WINDOWS\System32\IMM32.DLL
0x00007ffd9c360000 - 0x00007ffd9c36c000 	C:\Program Files\Java\jdk-21\bin\vcruntime140_1.dll
0x00007ffd652c0000 - 0x00007ffd6534e000 	C:\Program Files\Java\jdk-21\bin\msvcp140.dll
0x00007ffd456a0000 - 0x00007ffd463b5000 	C:\Program Files\Java\jdk-21\bin\server\jvm.dll
0x00007ffda6ba0000 - 0x00007ffda6c11000 	C:\WINDOWS\System32\WS2_32.dll
0x00007ffd9c9a0000 - 0x00007ffd9c9d4000 	C:\WINDOWS\SYSTEM32\WINMM.dll
0x00007ffda5d60000 - 0x00007ffda5dad000 	C:\WINDOWS\SYSTEM32\POWRPROF.dll
0x00007ffda5d40000 - 0x00007ffda5d53000 	C:\WINDOWS\SYSTEM32\UMPDC.dll
0x00007ffda4ed0000 - 0x00007ffda4ee8000 	C:\WINDOWS\SYSTEM32\kernel.appcore.dll
0x00007ffd9b6b0000 - 0x00007ffd9b6ba000 	C:\Program Files\Java\jdk-21\bin\jimage.dll
0x00007ffd971d0000 - 0x00007ffd97403000 	C:\WINDOWS\SYSTEM32\DBGHELP.DLL
0x00007ffda87a0000 - 0x00007ffda8b28000 	C:\WINDOWS\System32\combase.dll
0x00007ffda74a0000 - 0x00007ffda7577000 	C:\WINDOWS\System32\OLEAUT32.dll
0x00007ffd8a6a0000 - 0x00007ffd8a6d2000 	C:\WINDOWS\SYSTEM32\dbgcore.DLL
0x00007ffda6470000 - 0x00007ffda64e9000 	C:\WINDOWS\System32\bcryptPrimitives.dll
0x00007ffd910c0000 - 0x00007ffd910cf000 	C:\Program Files\Java\jdk-21\bin\instrument.dll
0x00007ffd91d20000 - 0x00007ffd91d3f000 	C:\Program Files\Java\jdk-21\bin\java.dll
0x00007ffda79b0000 - 0x00007ffda820c000 	C:\WINDOWS\System32\SHELL32.dll
0x00007ffda3c10000 - 0x00007ffda4509000 	C:\WINDOWS\SYSTEM32\windows.storage.dll
0x00007ffda3ad0000 - 0x00007ffda3c0e000 	C:\WINDOWS\SYSTEM32\wintypes.dll
0x00007ffda69f0000 - 0x00007ffda6ae3000 	C:\WINDOWS\System32\SHCORE.dll
0x00007ffda68a0000 - 0x00007ffda68fe000 	C:\WINDOWS\System32\shlwapi.dll
0x00007ffda5dc0000 - 0x00007ffda5de1000 	C:\WINDOWS\SYSTEM32\profapi.dll
0x00007ffd8c0a0000 - 0x00007ffd8c0b8000 	C:\Program Files\Java\jdk-21\bin\zip.dll
0x00007ffd9b460000 - 0x00007ffd9b470000 	C:\Program Files\Java\jdk-21\bin\net.dll
0x00007ffd9f330000 - 0x00007ffd9f466000 	C:\WINDOWS\SYSTEM32\WINHTTP.dll
0x00007ffda5340000 - 0x00007ffda53a9000 	C:\WINDOWS\system32\mswsock.dll
0x00007ffd91810000 - 0x00007ffd91826000 	C:\Program Files\Java\jdk-21\bin\nio.dll
0x00007ffd8c050000 - 0x00007ffd8c06a000 	C:\Program Files\JetBrains\IntelliJ IDEA 2023.3.2\bin\breakgen64.dll
0x00007ffd91900000 - 0x00007ffd91907000 	C:\Program Files\Java\jdk-21\bin\extnet.dll
0x00007ffda4790000 - 0x00007ffda4889000 	C:\WINDOWS\SYSTEM32\DNSAPI.dll
0x00007ffda4760000 - 0x00007ffda478d000 	C:\WINDOWS\SYSTEM32\IPHLPAPI.DLL
0x00007ffda6ea0000 - 0x00007ffda6ea9000 	C:\WINDOWS\System32\NSI.dll
0x00007ffd9da70000 - 0x00007ffd9da7a000 	C:\Windows\System32\rasadhlp.dll
0x00007ffd9ff00000 - 0x00007ffd9ff83000 	C:\WINDOWS\System32\fwpuclnt.dll
0x00007ffd9b140000 - 0x00007ffd9b14a000 	C:\Program Files\Java\jdk-21\bin\management.dll
0x00007ffd9acd0000 - 0x00007ffd9acdb000 	C:\Program Files\Java\jdk-21\bin\management_ext.dll
0x00007ffda77f0000 - 0x00007ffda77f8000 	C:\WINDOWS\System32\PSAPI.DLL
0x00007ffda55b0000 - 0x00007ffda55cb000 	C:\WINDOWS\SYSTEM32\CRYPTSP.dll
0x00007ffda4e30000 - 0x00007ffda4e65000 	C:\WINDOWS\system32\rsaenh.dll
0x00007ffda5440000 - 0x00007ffda5468000 	C:\WINDOWS\SYSTEM32\USERENV.dll
0x00007ffda55a0000 - 0x00007ffda55ac000 	C:\WINDOWS\SYSTEM32\CRYPTBASE.dll
0x00007ffd82420000 - 0x00007ffd82437000 	C:\WINDOWS\system32\napinsp.dll
0x00007ffd82470000 - 0x00007ffd8248b000 	C:\WINDOWS\system32\pnrpnsp.dll
0x00007ffd82450000 - 0x00007ffd82461000 	C:\WINDOWS\System32\winrnr.dll
0x00007ffd9c490000 - 0x00007ffd9c4a5000 	C:\WINDOWS\system32\wshbth.dll
0x00007ffd823d0000 - 0x00007ffd823f1000 	C:\WINDOWS\system32\nlansp_c.dll
0x00007ffd980d0000 - 0x00007ffd980de000 	C:\Program Files\Java\jdk-21\bin\sunmscapi.dll
0x00007ffda5e90000 - 0x00007ffda5ff7000 	C:\WINDOWS\System32\CRYPT32.dll
0x00007ffda5700000 - 0x00007ffda572e000 	C:\WINDOWS\SYSTEM32\ncrypt.dll
0x00007ffda56c0000 - 0x00007ffda56f7000 	C:\WINDOWS\SYSTEM32\NTASN1.dll

dbghelp: loaded successfully - version: 4.0.5 - missing functions: none
symbol engine: initialized successfully - sym options: 0x614 - pdb path: .;C:\Program Files\Java\jdk-21\bin;C:\WINDOWS\SYSTEM32;C:\WINDOWS\WinSxS\amd64_microsoft.windows.common-controls_6595b64144ccf1df_6.0.22621.3235_none_270f74e173860f98;C:\Program Files\Java\jdk-21\bin\server;C:\Program Files\JetBrains\IntelliJ IDEA 2023.3.2\bin

VM Arguments:
jvm_args: -XX:TieredStopAtLevel=1 -Dspring.output.ansi.enabled=always -Dcom.sun.management.jmxremote -Dspring.jmx.enabled=true -Dspring.liveBeansView.mbeanDomain -Dspring.application.admin.enabled=true -Dmanagement.endpoints.jmx.exposure.include=* -javaagent:C:\Program Files\JetBrains\IntelliJ IDEA 2023.3.2\lib\idea_rt.jar=63213:C:\Program Files\JetBrains\IntelliJ IDEA 2023.3.2\bin -Dfile.encoding=UTF-8 -Dsun.stdout.encoding=UTF-8 -Dsun.stderr.encoding=UTF-8 
java_command: BackEnd.BackEnd
java_class_path (initial): E:\SKILLSYNC\BackEnd\target\classes;C:\Users\sajeewa\.m2\repository\org\springframework\boot\spring-boot-starter-data-jpa\3.2.3\spring-boot-starter-data-jpa-3.2.3.jar;C:\Users\sajeewa\.m2\repository\org\springframework\boot\spring-boot-starter-aop\3.2.3\spring-boot-starter-aop-3.2.3.jar;C:\Users\sajeewa\.m2\repository\org\springframework\spring-aop\6.1.4\spring-aop-6.1.4.jar;C:\Users\sajeewa\.m2\repository\org\aspectj\aspectjweaver\1.9.21\aspectjweaver-1.9.21.jar;C:\Users\sajeewa\.m2\repository\org\springframework\boot\spring-boot-starter-jdbc\3.2.3\spring-boot-starter-jdbc-3.2.3.jar;C:\Users\sajeewa\.m2\repository\com\zaxxer\HikariCP\5.0.1\HikariCP-5.0.1.jar;C:\Users\sajeewa\.m2\repository\org\springframework\spring-jdbc\6.1.4\spring-jdbc-6.1.4.jar;C:\Users\sajeewa\.m2\repository\org\hibernate\orm\hibernate-core\6.4.4.Final\hibernate-core-6.4.4.Final.jar;C:\Users\sajeewa\.m2\repository\jakarta\persistence\jakarta.persistence-api\3.1.0\jakarta.persistence-api-3.1.0.jar;C:\Users\sajeewa\.m2\repository\jakarta\transaction\jakarta.transaction-api\2.0.1\jakarta.transaction-api-2.0.1.jar;C:\Users\sajeewa\.m2\repository\org\jboss\logging\jboss-logging\3.5.3.Final\jboss-logging-3.5.3.Final.jar;C:\Users\sajeewa\.m2\repository\org\hibernate\common\hibernate-commons-annotations\6.0.6.Final\hibernate-commons-annotations-6.0.6.Final.jar;C:\Users\sajeewa\.m2\repository\io\smallrye\jandex\3.1.2\jandex-3.1.2.jar;C:\Users\sajeewa\.m2\repository\com\fasterxml\classmate\1.6.0\classmate-1.6.0.jar;C:\Users\sajeewa\.m2\repository\net\bytebuddy\byte-buddy\1.14.12\byte-buddy-1.14.12.jar;C:\Users\sajeewa\.m2\repository\org\glassfish\jaxb\jaxb-runtime\4.0.4\jaxb-runtime-4.0.4.jar;C:\Users\sajeewa\.m2\repository\org\glassfish\jaxb\jaxb-core\4.0.4\jaxb-core-4.0.4.jar;C:\Users\sajeewa\.m2\repository\org\glassfish\jaxb\txw2\4.0.4\txw2-4.0.4.jar;C:\Users\sajeewa\.m2\repository\com\sun\istack\istack-commons-runtime\4.1.2\istack-commons-runtime-4.1.2.jar;C:\Users\sajeewa\.m2\repository\jakarta\inject\jakarta.inject-api\2.0.1\jakarta.inject-api-2.0.1.jar;C:\Users\sajeewa\.m2\repository\org\antlr\antlr4-runtime\4.13.0\antlr4-runtime-4.13.0.jar;C:\Users\sajeewa\.m2\repository\org\springframework\data\spring-data-jpa\3.2.3\spring-data-jpa-3.2.3.jar;C:\Users\sajeewa\.m2\repository\org\springframework\data\spring-data-commons\3.2.3\spring-data-commons-3.2.3.jar;C:\Users\sajeewa\.m2\repository\org\springframework\spring-orm\6.1.4\spring-orm-6.1.4.jar;C:\Users\sajeewa\.m2\repository\org\springframework\spring-context\6.1.4\spring-context-6.1.4.jar;C:\Users\sajeewa\.m2\repository\org\springframework\spring-tx\6.1.4\spring-tx-6.1.4.jar;C:\Users\sajeewa\.m2\repository\org\springframework\spring-beans\6.1.4\spring-beans-6.1.4.jar;C:\Users\sajeewa\.m2\repository\jakarta\annotation\jakarta.annotation-api\2.1.1\jakarta.annotation-api-2.1.1.jar;C:\Users\sajeewa\.m2\repository\org\springframework\spring-aspects\6.1.4\spring-aspects-6.1.4.jar;C:\Users\sajeewa\.m2\repository\org\springframework\boot\spring-boot-starter-mail\3.2.3\spring-boot-starter-mail-3.2.3.jar;C:\Users\sajeewa\.m2\repository\org\springframework\boot\spring-boot-starter\3.2.3\spring-boot-starter-3.2.3.jar;C:\Users\sajeewa\.m2\repository\org\springframework\boot\spring-boot\3.2.3\spring-boot-3.2.3.jar;C:\Users\sajeewa\.m2\repository\org\springframework\boot\spring-boot-autoconfigure\3.2.3\spring-boot-autoconfigure-3.2.3.jar;C:\Users\sajeewa\.m2\repository\org\springframework\boot\spring-boot-starter-logging\3.2.3\spring-boot-starter-logging-3.2.3.jar;C:\Users\sajeewa\.m2\repository\ch\qos\logback\logback-classic\1.4.14\logback-classic-1.4.14.jar;C:\Users\sajeewa\.m2\repository\ch\qos\logback\logback-core\1.4.14\logback-core-1.4.14.jar;C:\Users\sajeewa\.m2\repository\org\apache\logging\log4j\log4j-to-slf4j\2.21.1\log4j-to-slf4j-2.21.1.jar;C:\Users\sajeewa\.m2\repository\org\apache\logging\log4j\log4j-api\2.21.1\log4j-api-2.21.1.jar;C:\Users\sajeewa\.m2\repository\org\slf4j\jul-to-slf4j\2.0.12\jul-to-slf4j-2.0.12.jar;C:\Users\sajeewa\.m2\repository\org\yaml\snakeyaml\2.2\snakeyaml-2.2.jar;C:\Users\sajeewa\.m2\repository\org\springframework\spring-context-support\6.1.4\spring-context-support-6.1.4.jar;C:\Users\sajeewa\.m2\repository\org\eclipse\angus\jakarta.mail\2.0.2\jakarta.mail-2.0.2.jar;C:\Users\sajeewa\.m2\repository\jakarta\activation\jakarta.activation-api\2.1.2\jakarta.activation-api-2.1.2.jar;C:\Users\sajeewa\.m2\repository\org\eclipse\angus\angus-activation\2.0.1\angus-activation-2.0.1.jar;C:\Users\sajeewa\.m2\repository\org\springframework\boot\spring-boot-starter-thymeleaf\3.2.3\spring-boot-starter-thymeleaf-3.2.3.jar;C:\Users\sajeewa\.m2\repository\org\thymeleaf\thymeleaf-spring6\3.1.2.RELEASE\thymeleaf-spring6-3.1.2.RELEASE.jar;C:\Users\sajeewa\.m2\repository\org\thymeleaf\thymeleaf\3.1.2.RELEASE\thymeleaf-3.1.2.RELEASE.jar;C:\Users\sajeewa\.m2\repository\org\attoparser\attoparser\2.0.7.RELEASE\attoparser-2.0.7.RELEASE.jar;C:\Users\sajeewa\.m2\repository\org\unbescape\unbescape\1.1.6.RELEASE\unbescape-1.1.6.RELEASE.jar;C:\Users\sajeewa\.m2\repository\org\springframework\boot\spring-boot-starter-web\3.2.3\spring-boot-starter-web-3.2.3.jar;C:\Users\sajeewa\.m2\repository\org\springframework\boot\spring-boot-starter-json\3.2.3\spring-boot-starter-json-3.2.3.jar;C:\Users\sajeewa\.m2\repository\com\fasterxml\jackson\core\jackson-databind\2.15.4\jackson-databind-2.15.4.jar;C:\Users\sajeewa\.m2\repository\com\fasterxml\jackson\core\jackson-annotations\2.15.4\jackson-annotations-2.15.4.jar;C:\Users\sajeewa\.m2\repository\com\fasterxml\jackson\core\jackson-core\2.15.4\jackson-core-2.15.4.jar;C:\Users\sajeewa\.m2\repository\com\fasterxml\jackson\datatype\jackson-datatype-jdk8\2.15.4\jackson-datatype-jdk8-2.15.4.jar;C:\Users\sajeewa\.m2\repository\com\fasterxml\jackson\datatype\jackson-datatype-jsr310\2.15.4\jackson-datatype-jsr310-2.15.4.jar;C:\Users\sajeewa\.m2\repository\com\fasterxml\jackson\module\jackson-module-parameter-names\2.15.4\jackson-module-parameter-names-2.15.4.jar;C:\Users\sajeewa\.m2\repository\org\springframework\boot\spring-boot-starter-tomcat\3.2.3\spring-boot-starter-tomcat-3.2.3.jar;C:\Users\sajeewa\.m2\repository\org\apache\tomcat\embed\tomcat-embed-core\10.1.19\tomcat-embed-core-10.1.19.jar;C:\Users\sajeewa\.m2\repository\org\apache\tomcat\embed\tomcat-embed-el\10.1.19\tomcat-embed-el-10.1.19.jar;C:\Users\sajeewa\.m2\repository\org\apache\tomcat\embed\tomcat-embed-websocket\10.1.19\tomcat-embed-websocket-10.1.19.jar;C:\Users\sajeewa\.m2\repository\org\springframework\spring-web\6.1.4\spring-web-6.1.4.jar;C:\Users\sajeewa\.m2\repository\io\micrometer\micrometer-observation\1.12.3\micrometer-observation-1.12.3.jar;C:\Users\sajeewa\.m2\repository\io\micrometer\micrometer-commons\1.12.3\micrometer-commons-1.12.3.jar;C:\Users\sajeewa\.m2\repository\org\springframework\spring-webmvc\6.1.4\spring-webmvc-6.1.4.jar;C:\Users\sajeewa\.m2\repository\org\springframework\spring-expression\6.1.4\spring-expression-6.1.4.jar;C:\Users\sajeewa\.m2\repository\com\mysql\mysql-connector-j\8.3.0\mysql-connector-j-8.3.0.jar;C:\Users\sajeewa\.m2\repository\org\projectlombok\lombok\1.18.30\lombok-1.18.30.jar;C:\Users\sajeewa\.m2\repository\jakarta\xml\bind\jakarta.xml.bind-api\4.0.1\jakarta.xml.bind-api-4.0.1.jar;C:\Users\sajeewa\.m2\repository\org\springframework\spring-core\6.1.4\spring-core-6.1.4.jar;C:\Users\sajeewa\.m2\repository\org\springframework\spring-jcl\6.1.4\spring-jcl-6.1.4.jar;C:\Users\sajeewa\.m2\repository\org\modelmapper\modelmapper\3.1.1\modelmapper-3.1.1.jar;C:\Users\sajeewa\.m2\repository\com\paypal\sdk\paypal-core\1.7.2\paypal-core-1.7.2.jar;C:\Users\sajeewa\.m2\repository\com\google\code\gson\gson\2.10.1\gson-2.10.1.jar;C:\Users\sajeewa\.m2\repository\com\paypal\sdk\rest-api-sdk\1.14.0\rest-api-sdk-1.14.0.jar;C:\Users\sajeewa\.m2\repository\org\slf4j\slf4j-api\2.0.12\slf4j-api-2.0.12.jar
Launcher Type: SUN_STANDARD

[Global flags]
     intx CICompilerCount                          = 3                                         {product} {ergonomic}
     uint ConcGCThreads                            = 1                                         {product} {ergonomic}
     uint G1ConcRefinementThreads                  = 4                                         {product} {ergonomic}
   size_t G1HeapRegionSize                         = 1048576                                   {product} {ergonomic}
    uintx GCDrainStackTargetSize                   = 64                                        {product} {ergonomic}
   size_t InitialHeapSize                          = 58720256                                  {product} {ergonomic}
     bool ManagementServer                         = true                                      {product} {command line}
   size_t MarkStackSize                            = 4194304                                   {product} {ergonomic}
   size_t MaxHeapSize                              = 924844032                                 {product} {ergonomic}
   size_t MaxNewSize                               = 554696704                                 {product} {ergonomic}
   size_t MinHeapDeltaBytes                        = 1048576                                   {product} {ergonomic}
   size_t MinHeapSize                              = 8388608                                   {product} {ergonomic}
    uintx NonNMethodCodeHeapSize                   = 4096                                   {pd product} {ergonomic}
    uintx NonProfiledCodeHeapSize                  = 0                                      {pd product} {ergonomic}
     bool ProfileInterpreter                       = false                                  {pd product} {command line}
    uintx ProfiledCodeHeapSize                     = 0                                      {pd product} {ergonomic}
   size_t SoftMaxHeapSize                          = 924844032                              {manageable} {ergonomic}
     intx TieredStopAtLevel                        = 1                                         {product} {command line}
     bool UseCompressedOops                        = true                           {product lp64_product} {ergonomic}
     bool UseG1GC                                  = true                                      {product} {ergonomic}
     bool UseLargePagesIndividualAllocation        = false                                  {pd product} {ergonomic}

Logging:
Log output configuration:
 #0: stdout all=warning uptime,level,tags foldmultilines=false
 #1: stderr all=off uptime,level,tags foldmultilines=false

Environment Variables:
JAVA_HOME=C:\Program Files\Java\jdk-21
PATH=C:\Program Files\Common Files\Oracle\Java\javapath;C:\Program Files (x86)\Common Files\Oracle\Java\javapath;C:\WINDOWS\system32;C:\WINDOWS;C:\WINDOWS\System32\Wbem;C:\WINDOWS\System32\WindowsPowerShell\v1.0\;C:\WINDOWS\System32\OpenSSH\;C:\Program Files (x86)\dotnet\;C:\Program Files\Microsoft SQL Server\Client SDK\ODBC\170\Tools\Binn\;C:\Program Files (x86)\Microsoft SQL Server\150\Tools\Binn\;C:\Program Files\Microsoft SQL Server\150\Tools\Binn\;C:\Program Files\Microsoft SQL Server\150\DTS\Binn\;C:\Program Files (x86)\Microsoft SQL Server\160\DTS\Binn\;C:\Program Files\Azure Data Studio\bin;C:\Program Files\Java\jdk-21\bin;E:\git\Git\cmd;E:\Node.js_setup\;C:\Users\sajeewa\AppData\Local\Microsoft\WindowsApps;C:\Program Files\Azure Data Studio\bin;C:\Program Files\JetBrains\IntelliJ IDEA 2023.3.2\bin;;C:\Users\sajeewa\AppData\Roaming\npm;E:\VSCode_setup\Microsoft VS Code\bin;E:\Node.js_setup;
USERNAME=sajeewa
OS=Windows_NT
PROCESSOR_IDENTIFIER=AMD64 Family 23 Model 24 Stepping 1, AuthenticAMD
TMP=C:\Users\sajeewa\AppData\Local\Temp
TEMP=C:\Users\sajeewa\AppData\Local\Temp




Periodic native trim disabled

---------------  S Y S T E M  ---------------

OS:
 Windows 11 , 64 bit Build 22621 (10.0.22621.3374)
OS uptime: 9 days 19:46 hours

CPU: total 4 (initial active 4) (4 cores per cpu, 2 threads per core) family 23 model 24 stepping 1 microcode 0x0, cx8, cmov, fxsr, ht, mmx, 3dnowpref, sse, sse2, sse3, ssse3, sse4a, sse4.1, sse4.2, popcnt, lzcnt, tsc, tscinvbit, avx, avx2, aes, clmul, bmi1, bmi2, adx, sha, fma, vzeroupper, clflush, clflushopt, rdtscp, f16c
Processor Information for all 4 processors :
  Max Mhz: 2600, Current Mhz: 2600, Mhz Limit: 2600

Memory: 4k page, system-wide physical 3526M (243M free)
TotalPageFile size 14278M (AvailPageFile size 1M)
current process WorkingSet (physical memory assigned to process): 137M, peak: 142M
current process commit charge ("private bytes"): 177M, peak: 177M

vm_info: Java HotSpot(TM) 64-Bit Server VM (21.0.1+12-LTS-29) for windows-amd64 JRE (21.0.1+12-LTS-29), built on 2023-10-05T13:27:09Z by "mach5one" with MS VC++ 17.1 (VS2022)

END.
